<?xml version="1.0" encoding="UTF-8"?>
<coverage generated="1780340447908" clover="3.2.0">
  <project timestamp="1780340447908" name="All files">
    <metrics statements="242" coveredstatements="221" conditionals="162" coveredconditionals="140" methods="85" coveredmethods="74" elements="489" coveredelements="435" complexity="0" loc="242" ncloc="242" packages="11" files="18" classes="18"/>
    <package name="ASSETS">
      <metrics statements="0" coveredstatements="0" conditionals="0" coveredconditionals="0" methods="0" coveredmethods="0"/>
      <file name="taskify_logo.jpg" path="C:\Users\joama\OneDrive\Desktop\ProyectoM4-JoaquinGonzalezFT73\Taskify-app\src\ASSETS\taskify_logo.jpg">
        <metrics statements="0" coveredstatements="0" conditionals="0" coveredconditionals="0" methods="0" coveredmethods="0"/>
      </file>
    </package>
    <package name="components.tasks.TaskCard">
      <metrics statements="24" coveredstatements="21" conditionals="25" coveredconditionals="23" methods="11" coveredmethods="10"/>
      <file name="TaskCard.css" path="C:\Users\joama\OneDrive\Desktop\ProyectoM4-JoaquinGonzalezFT73\Taskify-app\src\components\tasks\TaskCard\TaskCard.css">
        <metrics statements="0" coveredstatements="0" conditionals="0" coveredconditionals="0" methods="0" coveredmethods="0"/>
      </file>
      <file name="TaskCard.tsx" path="C:\Users\joama\OneDrive\Desktop\ProyectoM4-JoaquinGonzalezFT73\Taskify-app\src\components\tasks\TaskCard\TaskCard.tsx">
        <metrics statements="24" coveredstatements="21" conditionals="25" coveredconditionals="23" methods="11" coveredmethods="10"/>
        <line num="19" count="13" type="stmt"/>
        <line num="24" count="13" type="cond" truecount="1" falsecount="1"/>
        <line num="34" count="13" type="stmt"/>
        <line num="39" count="13" type="stmt"/>
        <line num="41" count="10" type="cond" truecount="4" falsecount="0"/>
        <line num="43" count="9" type="stmt"/>
        <line num="44" count="1" type="stmt"/>
        <line num="46" count="1" type="cond" truecount="1" falsecount="1"/>
        <line num="47" count="1" type="stmt"/>
        <line num="48" count="1" type="stmt"/>
        <line num="50" count="1" type="stmt"/>
        <line num="53" count="0" type="stmt"/>
        <line num="58" count="9" type="stmt"/>
        <line num="64" count="0" type="stmt"/>
        <line num="65" count="0" type="stmt"/>
        <line num="68" count="13" type="stmt"/>
        <line num="69" count="13" type="stmt"/>
        <line num="70" count="13" type="stmt"/>
        <line num="72" count="13" type="stmt"/>
        <line num="137" count="1" type="stmt"/>
        <line num="144" count="1" type="stmt"/>
        <line num="151" count="2" type="stmt"/>
        <line num="157" count="1" type="stmt"/>
        <line num="170" count="1" type="stmt"/>
      </file>
    </package>
    <package name="components.tasks.TaskForm">
      <metrics statements="35" coveredstatements="34" conditionals="72" coveredconditionals="61" methods="16" coveredmethods="15"/>
      <file name="TaskForm.css" path="C:\Users\joama\OneDrive\Desktop\ProyectoM4-JoaquinGonzalezFT73\Taskify-app\src\components\tasks\TaskForm\TaskForm.css">
        <metrics statements="0" coveredstatements="0" conditionals="0" coveredconditionals="0" methods="0" coveredmethods="0"/>
      </file>
      <file name="TaskForm.tsx" path="C:\Users\joama\OneDrive\Desktop\ProyectoM4-JoaquinGonzalezFT73\Taskify-app\src\components\tasks\TaskForm\TaskForm.tsx">
        <metrics statements="35" coveredstatements="34" conditionals="72" coveredconditionals="61" methods="16" coveredmethods="15"/>
        <line num="15" count="2" type="stmt"/>
        <line num="19" count="2" type="stmt"/>
        <line num="23" count="2" type="stmt"/>
        <line num="30" count="90" type="stmt"/>
        <line num="32" count="90" type="cond" truecount="2" falsecount="0"/>
        <line num="33" count="90" type="cond" truecount="2" falsecount="0"/>
        <line num="34" count="90" type="cond" truecount="2" falsecount="0"/>
        <line num="35" count="90" type="cond" truecount="2" falsecount="0"/>
        <line num="36" count="90" type="cond" truecount="2" falsecount="0"/>
        <line num="37" count="90" type="cond" truecount="2" falsecount="0"/>
        <line num="38" count="90" type="stmt"/>
        <line num="40" count="90" type="stmt"/>
        <line num="41" count="90" type="stmt"/>
        <line num="45" count="2" type="stmt"/>
        <line num="46" count="2" type="cond" truecount="2" falsecount="0"/>
        <line num="47" count="1" type="stmt"/>
        <line num="48" count="1" type="stmt"/>
        <line num="49" count="1" type="stmt"/>
        <line num="50" count="1" type="stmt"/>
        <line num="52" count="1" type="stmt"/>
        <line num="61" count="2" type="stmt"/>
        <line num="65" count="3" type="stmt"/>
        <line num="66" count="3" type="stmt"/>
        <line num="69" count="90" type="stmt"/>
        <line num="74" count="14" type="stmt"/>
        <line num="107" count="22" type="cond" truecount="1" falsecount="1"/>
        <line num="108" count="6" type="stmt"/>
        <line num="130" count="20" type="cond" truecount="1" falsecount="1"/>
        <line num="131" count="1" type="stmt"/>
        <line num="151" count="7" type="stmt"/>
        <line num="164" count="15" type="stmt"/>
        <line num="176" count="270" type="stmt"/>
        <line num="185" count="3" type="stmt"/>
        <line num="205" count="1" type="cond" truecount="1" falsecount="1"/>
        <line num="206" count="0" type="stmt"/>
      </file>
    </package>
    <package name="components.ui.ActivityFeed">
      <metrics statements="5" coveredstatements="5" conditionals="10" coveredconditionals="10" methods="2" coveredmethods="2"/>
      <file name="ActivityFeed.css" path="C:\Users\joama\OneDrive\Desktop\ProyectoM4-JoaquinGonzalezFT73\Taskify-app\src\components\ui\ActivityFeed\ActivityFeed.css">
        <metrics statements="0" coveredstatements="0" conditionals="0" coveredconditionals="0" methods="0" coveredmethods="0"/>
      </file>
      <file name="ActivityFeed.tsx" path="C:\Users\joama\OneDrive\Desktop\ProyectoM4-JoaquinGonzalezFT73\Taskify-app\src\components\ui\ActivityFeed\ActivityFeed.tsx">
        <metrics statements="5" coveredstatements="5" conditionals="10" coveredconditionals="10" methods="2" coveredmethods="2"/>
        <line num="10" count="2" type="stmt"/>
        <line num="12" count="2" type="stmt"/>
        <line num="35" count="2" type="stmt"/>
        <line num="36" count="2" type="stmt"/>
        <line num="38" count="2" type="stmt"/>
      </file>
    </package>
    <package name="components.ui.StatCard">
      <metrics statements="1" coveredstatements="1" conditionals="0" coveredconditionals="0" methods="1" coveredmethods="1"/>
      <file name="StatCard.css" path="C:\Users\joama\OneDrive\Desktop\ProyectoM4-JoaquinGonzalezFT73\Taskify-app\src\components\ui\StatCard\StatCard.css">
        <metrics statements="0" coveredstatements="0" conditionals="0" coveredconditionals="0" methods="0" coveredmethods="0"/>
      </file>
      <file name="StatCard.tsx" path="C:\Users\joama\OneDrive\Desktop\ProyectoM4-JoaquinGonzalezFT73\Taskify-app\src\components\ui\StatCard\StatCard.tsx">
        <metrics statements="1" coveredstatements="1" conditionals="0" coveredconditionals="0" methods="1" coveredmethods="1"/>
        <line num="22" count="2" type="stmt"/>
      </file>
    </package>
    <package name="context">
      <metrics statements="25" coveredstatements="17" conditionals="1" coveredconditionals="1" methods="14" coveredmethods="6"/>
      <file name="AlertContext.tsx" path="C:\Users\joama\OneDrive\Desktop\ProyectoM4-JoaquinGonzalezFT73\Taskify-app\src\context\AlertContext.tsx">
        <metrics statements="25" coveredstatements="17" conditionals="1" coveredconditionals="1" methods="14" coveredmethods="6"/>
        <line num="76" count="4" type="stmt"/>
        <line num="89" count="33" type="stmt"/>
        <line num="95" count="33" type="stmt"/>
        <line num="103" count="13" type="stmt"/>
        <line num="107" count="13" type="stmt"/>
        <line num="115" count="13" type="stmt"/>
        <line num="120" count="13" type="stmt"/>
        <line num="121" count="0" type="stmt"/>
        <line num="122" count="0" type="stmt"/>
        <line num="124" count="0" type="stmt"/>
        <line num="136" count="33" type="stmt"/>
        <line num="138" count="2" type="stmt"/>
        <line num="139" count="2" type="stmt"/>
        <line num="141" count="2" type="stmt"/>
        <line num="152" count="33" type="stmt"/>
        <line num="154" count="0" type="stmt"/>
        <line num="163" count="33" type="stmt"/>
        <line num="165" count="0" type="stmt"/>
        <line num="175" count="33" type="stmt"/>
        <line num="177" count="0" type="stmt"/>
        <line num="186" count="33" type="stmt"/>
        <line num="188" count="0" type="stmt"/>
        <line num="198" count="33" type="stmt"/>
        <line num="200" count="0" type="stmt"/>
        <line num="209" count="33" type="stmt"/>
      </file>
    </package>
    <package name="hooks">
      <metrics statements="62" coveredstatements="62" conditionals="2" coveredconditionals="2" methods="20" coveredmethods="20"/>
      <file name="useAlert.ts" path="C:\Users\joama\OneDrive\Desktop\ProyectoM4-JoaquinGonzalezFT73\Taskify-app\src\hooks\useAlert.ts">
        <metrics statements="17" coveredstatements="17" conditionals="2" coveredconditionals="2" methods="7" coveredmethods="7"/>
        <line num="19" count="18" type="stmt"/>
        <line num="22" count="18" type="cond" truecount="2" falsecount="0"/>
        <line num="23" count="2" type="stmt"/>
        <line num="33" count="16" type="stmt"/>
        <line num="39" count="16" type="stmt"/>
        <line num="43" count="4" type="stmt"/>
        <line num="50" count="16" type="stmt"/>
        <line num="54" count="2" type="stmt"/>
        <line num="62" count="16" type="stmt"/>
        <line num="66" count="1" type="stmt"/>
        <line num="73" count="16" type="stmt"/>
        <line num="77" count="2" type="stmt"/>
        <line num="86" count="16" type="stmt"/>
        <line num="90" count="2" type="stmt"/>
        <line num="101" count="16" type="stmt"/>
        <line num="107" count="2" type="stmt"/>
        <line num="115" count="16" type="stmt"/>
      </file>
      <file name="useAuth.ts" path="C:\Users\joama\OneDrive\Desktop\ProyectoM4-JoaquinGonzalezFT73\Taskify-app\src\hooks\useAuth.ts">
        <metrics statements="8" coveredstatements="8" conditionals="0" coveredconditionals="0" methods="4" coveredmethods="4"/>
        <line num="18" count="2" type="stmt"/>
        <line num="19" count="2" type="stmt"/>
        <line num="21" count="2" type="stmt"/>
        <line num="23" count="1" type="stmt"/>
        <line num="24" count="1" type="stmt"/>
        <line num="25" count="1" type="stmt"/>
        <line num="29" count="1" type="stmt"/>
        <line num="32" count="2" type="stmt"/>
      </file>
      <file name="useFormValidation.ts" path="C:\Users\joama\OneDrive\Desktop\ProyectoM4-JoaquinGonzalezFT73\Taskify-app\src\hooks\useFormValidation.ts">
        <metrics statements="37" coveredstatements="37" conditionals="0" coveredconditionals="0" methods="9" coveredmethods="9"/>
        <line num="31" count="98" type="stmt"/>
        <line num="34" count="15" type="stmt"/>
        <line num="35" count="15" type="stmt"/>
        <line num="36" count="52" type="stmt"/>
        <line num="38" count="15" type="stmt"/>
        <line num="44" count="98" type="stmt"/>
        <line num="47" count="15" type="stmt"/>
        <line num="48" count="15" type="stmt"/>
        <line num="49" count="52" type="stmt"/>
        <line num="51" count="15" type="stmt"/>
        <line num="60" count="98" type="stmt"/>
        <line num="62" count="8" type="stmt"/>
        <line num="63" count="8" type="stmt"/>
        <line num="65" count="8" type="stmt"/>
        <line num="70" count="8" type="stmt"/>
        <line num="80" count="98" type="stmt"/>
        <line num="82" count="8" type="stmt"/>
        <line num="88" count="8" type="stmt"/>
        <line num="99" count="98" type="stmt"/>
        <line num="100" count="4" type="stmt"/>
        <line num="101" count="4" type="stmt"/>
        <line num="103" count="4" type="stmt"/>
        <line num="104" count="12" type="stmt"/>
        <line num="105" count="12" type="stmt"/>
        <line num="106" count="12" type="stmt"/>
        <line num="109" count="4" type="stmt"/>
        <line num="110" count="4" type="stmt"/>
        <line num="112" count="4" type="stmt"/>
        <line num="120" count="98" type="stmt"/>
        <line num="121" count="5" type="stmt"/>
        <line num="122" count="5" type="stmt"/>
        <line num="124" count="5" type="stmt"/>
        <line num="125" count="18" type="stmt"/>
        <line num="126" count="18" type="stmt"/>
        <line num="129" count="5" type="stmt"/>
        <line num="130" count="5" type="stmt"/>
        <line num="133" count="98" type="stmt"/>
      </file>
    </package>
    <package name="pages.login and register">
      <metrics statements="45" coveredstatements="36" conditionals="30" coveredconditionals="22" methods="9" coveredmethods="8"/>
      <file name="AuthPage.css" path="C:\Users\joama\OneDrive\Desktop\ProyectoM4-JoaquinGonzalezFT73\Taskify-app\src\pages\login and register\AuthPage.css">
        <metrics statements="0" coveredstatements="0" conditionals="0" coveredconditionals="0" methods="0" coveredmethods="0"/>
      </file>
      <file name="LoginPage.tsx" path="C:\Users\joama\OneDrive\Desktop\ProyectoM4-JoaquinGonzalezFT73\Taskify-app\src\pages\login and register\LoginPage.tsx">
        <metrics statements="45" coveredstatements="36" conditionals="30" coveredconditionals="22" methods="9" coveredmethods="8"/>
        <line num="25" count="65" type="stmt"/>
        <line num="26" count="65" type="stmt"/>
        <line num="27" count="65" type="stmt"/>
        <line num="28" count="65" type="stmt"/>
        <line num="29" count="65" type="stmt"/>
        <line num="32" count="3" type="stmt"/>
        <line num="34" count="3" type="cond" truecount="2" falsecount="0"/>
        <line num="35" count="1" type="stmt"/>
        <line num="36" count="1" type="stmt"/>
        <line num="38" count="2" type="cond" truecount="1" falsecount="1"/>
        <line num="39" count="0" type="stmt"/>
        <line num="40" count="0" type="stmt"/>
        <line num="42" count="2" type="cond" truecount="1" falsecount="1"/>
        <line num="43" count="0" type="stmt"/>
        <line num="44" count="0" type="stmt"/>
        <line num="47" count="2" type="stmt"/>
        <line num="48" count="2" type="stmt"/>
        <line num="49" count="2" type="stmt"/>
        <line num="50" count="1" type="stmt"/>
        <line num="51" count="1" type="stmt"/>
        <line num="53" count="1" type="cond" truecount="1" falsecount="1"/>
        <line num="54" count="1" type="stmt"/>
        <line num="56" count="2" type="stmt"/>
        <line num="61" count="1" type="stmt"/>
        <line num="62" count="1" type="stmt"/>
        <line num="63" count="1" type="stmt"/>
        <line num="64" count="0" type="stmt"/>
        <line num="65" count="0" type="stmt"/>
        <line num="67" count="1" type="cond" truecount="1" falsecount="1"/>
        <line num="68" count="1" type="stmt"/>
        <line num="70" count="1" type="stmt"/>
        <line num="79" count="2" type="stmt"/>
        <line num="96" count="0" type="cond" truecount="0" falsecount="2"/>
        <line num="97" count="0" type="stmt"/>
        <line num="99" count="0" type="stmt"/>
        <line num="103" count="2" type="cond" truecount="1" falsecount="1"/>
        <line num="104" count="2" type="stmt"/>
        <line num="106" count="2" type="stmt"/>
        <line num="107" count="1" type="stmt"/>
        <line num="112" count="1" type="cond" truecount="1" falsecount="1"/>
        <line num="113" count="1" type="stmt"/>
        <line num="118" count="65" type="stmt"/>
        <line num="161" count="33" type="stmt"/>
        <line num="188" count="20" type="stmt"/>
        <line num="193" count="1" type="stmt"/>
      </file>
    </package>
    <package name="services">
      <metrics statements="14" coveredstatements="14" conditionals="2" coveredconditionals="1" methods="6" coveredmethods="6"/>
      <file name="authService.ts" path="C:\Users\joama\OneDrive\Desktop\ProyectoM4-JoaquinGonzalezFT73\Taskify-app\src\services\authService.ts">
        <metrics statements="14" coveredstatements="14" conditionals="2" coveredconditionals="1" methods="6" coveredmethods="6"/>
        <line num="21" count="2" type="stmt"/>
        <line num="33" count="2" type="cond" truecount="1" falsecount="1"/>
        <line num="44" count="1" type="stmt"/>
        <line num="45" count="1" type="stmt"/>
        <line num="46" count="1" type="stmt"/>
        <line num="56" count="1" type="stmt"/>
        <line num="57" count="1" type="stmt"/>
        <line num="60" count="1" type="stmt"/>
        <line num="69" count="1" type="stmt"/>
        <line num="72" count="1" type="stmt"/>
        <line num="76" count="1" type="stmt"/>
        <line num="77" count="1" type="stmt"/>
        <line num="84" count="1" type="stmt"/>
        <line num="91" count="1" type="stmt"/>
      </file>
    </package>
    <package name="types">
      <metrics statements="1" coveredstatements="1" conditionals="0" coveredconditionals="0" methods="0" coveredmethods="0"/>
      <file name="actividad.ts" path="C:\Users\joama\OneDrive\Desktop\ProyectoM4-JoaquinGonzalezFT73\Taskify-app\src\types\actividad.ts">
        <metrics statements="1" coveredstatements="1" conditionals="0" coveredconditionals="0" methods="0" coveredmethods="0"/>
        <line num="22" count="1" type="stmt"/>
      </file>
    </package>
    <package name="utils">
      <metrics statements="30" coveredstatements="30" conditionals="20" coveredconditionals="20" methods="6" coveredmethods="6"/>
      <file name="validaciones.ts" path="C:\Users\joama\OneDrive\Desktop\ProyectoM4-JoaquinGonzalezFT73\Taskify-app\src\utils\validaciones.ts">
        <metrics statements="30" coveredstatements="30" conditionals="20" coveredconditionals="20" methods="6" coveredmethods="6"/>
        <line num="12" count="12" type="stmt"/>
        <line num="14" count="12" type="cond" truecount="2" falsecount="0"/>
        <line num="15" count="7" type="stmt"/>
        <line num="18" count="5" type="cond" truecount="2" falsecount="0"/>
        <line num="19" count="1" type="stmt"/>
        <line num="22" count="4" type="cond" truecount="2" falsecount="0"/>
        <line num="23" count="1" type="stmt"/>
        <line num="26" count="3" type="stmt"/>
        <line num="34" count="6" type="stmt"/>
        <line num="36" count="6" type="cond" truecount="2" falsecount="0"/>
        <line num="37" count="1" type="stmt"/>
        <line num="40" count="5" type="cond" truecount="2" falsecount="0"/>
        <line num="41" count="1" type="stmt"/>
        <line num="44" count="4" type="cond" truecount="2" falsecount="0"/>
        <line num="45" count="1" type="stmt"/>
        <line num="48" count="3" type="stmt"/>
        <line num="55" count="6" type="cond" truecount="2" falsecount="0"/>
        <line num="57" count="3" type="stmt"/>
        <line num="58" count="3" type="stmt"/>
        <line num="61" count="3" type="stmt"/>
        <line num="63" count="3" type="cond" truecount="2" falsecount="0"/>
        <line num="64" count="1" type="stmt"/>
        <line num="67" count="2" type="cond" truecount="2" falsecount="0"/>
        <line num="68" count="1" type="stmt"/>
        <line num="71" count="1" type="stmt"/>
        <line num="83" count="2" type="cond" truecount="2" falsecount="0"/>
        <line num="84" count="1" type="stmt"/>
        <line num="87" count="1" type="stmt"/>
        <line num="98" count="6" type="stmt"/>
        <line num="99" count="9" type="stmt"/>
      </file>
    </package>
  </project>
</coverage>
