{"C:\\Users\\joama\\OneDrive\\Desktop\\ProyectoM4-JoaquinGonzalezFT73\\Taskify-app\\src\\ASSETS\\taskify_logo.jpg": {"path":"C:\\Users\\joama\\OneDrive\\Desktop\\ProyectoM4-JoaquinGonzalezFT73\\Taskify-app\\src\\ASSETS\\taskify_logo.jpg","statementMap":{},"fnMap":{},"branchMap":{},"s":{},"f":{},"b":{},"meta":{"lastBranch":0,"lastFunction":0,"lastStatement":0,"seen":{}}}
,"C:\\Users\\joama\\OneDrive\\Desktop\\ProyectoM4-JoaquinGonzalezFT73\\Taskify-app\\src\\components\\tasks\\TaskCard\\TaskCard.css": {"path":"C:\\Users\\joama\\OneDrive\\Desktop\\ProyectoM4-JoaquinGonzalezFT73\\Taskify-app\\src\\components\\tasks\\TaskCard\\TaskCard.css","statementMap":{},"fnMap":{},"branchMap":{},"s":{},"f":{},"b":{},"meta":{"lastBranch":0,"lastFunction":0,"lastStatement":0,"seen":{}}}
,"C:\\Users\\joama\\OneDrive\\Desktop\\ProyectoM4-JoaquinGonzalezFT73\\Taskify-app\\src\\components\\tasks\\TaskCard\\TaskCard.tsx": {"path":"C:\\Users\\joama\\OneDrive\\Desktop\\ProyectoM4-JoaquinGonzalezFT73\\Taskify-app\\src\\components\\tasks\\TaskCard\\TaskCard.tsx","statementMap":{"0":{"start":{"line":19,"column":49},"end":{"line":23,"column":null}},"1":{"start":{"line":24,"column":2},"end":{"line":24,"column":null}},"2":{"start":{"line":34,"column":23},"end":{"line":34,"column":null}},"3":{"start":{"line":39,"column":2},"end":{"line":60,"column":null}},"4":{"start":{"line":41,"column":4},"end":{"line":59,"column":null}},"5":{"start":{"line":43,"column":24},"end":{"line":55,"column":null}},"6":{"start":{"line":44,"column":34},"end":{"line":44,"column":null}},"7":{"start":{"line":46,"column":8},"end":{"line":54,"column":null}},"8":{"start":{"line":47,"column":10},"end":{"line":47,"column":null}},"9":{"start":{"line":48,"column":10},"end":{"line":48,"column":null}},"10":{"start":{"line":50,"column":10},"end":{"line":50,"column":null}},"11":{"start":{"line":53,"column":10},"end":{"line":53,"column":null}},"12":{"start":{"line":58,"column":6},"end":{"line":58,"column":null}},"13":{"start":{"line":58,"column":19},"end":{"line":58,"column":null}},"14":{"start":{"line":64,"column":4},"end":{"line":64,"column":null}},"15":{"start":{"line":65,"column":4},"end":{"line":65,"column":null}},"16":{"start":{"line":68,"column":28},"end":{"line":68,"column":null}},"17":{"start":{"line":69,"column":28},"end":{"line":69,"column":null}},"18":{"start":{"line":70,"column":28},"end":{"line":70,"column":null}},"19":{"start":{"line":72,"column":2},"end":{"line":173,"column":null}},"20":{"start":{"line":137,"column":29},"end":{"line":137,"column":null}},"21":{"start":{"line":144,"column":29},"end":{"line":144,"column":null}},"22":{"start":{"line":151,"column":29},"end":{"line":151,"column":null}},"23":{"start":{"line":157,"column":29},"end":{"line":157,"column":null}},"24":{"start":{"line":170,"column":28},"end":{"line":170,"column":null}}},"fnMap":{"0":{"name":"obtenerEtiquetaDeEstado","decl":{"start":{"line":18,"column":9},"end":{"line":18,"column":33}},"loc":{"start":{"line":18,"column":62},"end":{"line":25,"column":null}},"line":18},"1":{"name":"TaskCard","decl":{"start":{"line":27,"column":9},"end":{"line":27,"column":18}},"loc":{"start":{"line":33,"column":18},"end":{"line":175,"column":null}},"line":33},"2":{"name":"(anonymous_2)","decl":{"start":{"line":39,"column":2},"end":{"line":39,"column":18}},"loc":{"start":{"line":39,"column":18},"end":{"line":60,"column":5}},"line":39},"3":{"name":"(anonymous_3)","decl":{"start":{"line":43,"column":24},"end":{"line":43,"column":42}},"loc":{"start":{"line":43,"column":42},"end":{"line":55,"column":9}},"line":43},"4":{"name":"(anonymous_4)","decl":{"start":{"line":58,"column":6},"end":{"line":58,"column":19}},"loc":{"start":{"line":58,"column":19},"end":{"line":58,"column":null}},"line":58},"5":{"name":"manejarGuardarEdicion","decl":{"start":{"line":63,"column":11},"end":{"line":63,"column":33}},"loc":{"start":{"line":63,"column":60},"end":{"line":66,"column":null}},"line":63},"6":{"name":"(anonymous_6)","decl":{"start":{"line":137,"column":14},"end":{"line":137,"column":29}},"loc":{"start":{"line":137,"column":29},"end":{"line":137,"column":null}},"line":137},"7":{"name":"(anonymous_7)","decl":{"start":{"line":144,"column":14},"end":{"line":144,"column":29}},"loc":{"start":{"line":144,"column":29},"end":{"line":144,"column":null}},"line":144},"8":{"name":"(anonymous_8)","decl":{"start":{"line":151,"column":14},"end":{"line":151,"column":29}},"loc":{"start":{"line":151,"column":29},"end":{"line":151,"column":null}},"line":151},"9":{"name":"(anonymous_9)","decl":{"start":{"line":157,"column":14},"end":{"line":157,"column":29}},"loc":{"start":{"line":157,"column":29},"end":{"line":157,"column":null}},"line":157},"10":{"name":"(anonymous_10)","decl":{"start":{"line":170,"column":10},"end":{"line":170,"column":28}},"loc":{"start":{"line":170,"column":28},"end":{"line":170,"column":null}},"line":170}},"branchMap":{"0":{"loc":{"start":{"line":24,"column":9},"end":{"line":24,"column":null}},"type":"binary-expr","locations":[{"start":{"line":24,"column":9},"end":{"line":24,"column":30}},{"start":{"line":24,"column":30},"end":{"line":24,"column":null}}],"line":24},"1":{"loc":{"start":{"line":41,"column":4},"end":{"line":59,"column":null}},"type":"if","locations":[{"start":{"line":41,"column":4},"end":{"line":59,"column":null}},{"start":{},"end":{}}],"line":41},"2":{"loc":{"start":{"line":41,"column":8},"end":{"line":41,"column":82}},"type":"binary-expr","locations":[{"start":{"line":41,"column":8},"end":{"line":41,"column":51}},{"start":{"line":41,"column":51},"end":{"line":41,"column":82}}],"line":41},"3":{"loc":{"start":{"line":46,"column":8},"end":{"line":54,"column":null}},"type":"if","locations":[{"start":{"line":46,"column":8},"end":{"line":54,"column":null}},{"start":{"line":51,"column":15},"end":{"line":54,"column":null}}],"line":46},"4":{"loc":{"start":{"line":88,"column":10},"end":{"line":102,"column":null}},"type":"binary-expr","locations":[{"start":{"line":88,"column":10},"end":{"line":88,"column":38}},{"start":{"line":88,"column":38},"end":{"line":88,"column":null}},{"start":{"line":89,"column":10},"end":{"line":102,"column":null}}],"line":88},"5":{"loc":{"start":{"line":90,"column":13},"end":{"line":96,"column":28}},"type":"binary-expr","locations":[{"start":{"line":90,"column":13},"end":{"line":90,"column":null}},{"start":{"line":91,"column":14},"end":{"line":96,"column":28}}],"line":90},"6":{"loc":{"start":{"line":96,"column":13},"end":{"line":102,"column":null}},"type":"binary-expr","locations":[{"start":{"line":96,"column":13},"end":{"line":96,"column":null}},{"start":{"line":97,"column":14},"end":{"line":102,"column":null}}],"line":96},"7":{"loc":{"start":{"line":106,"column":9},"end":{"line":109,"column":null}},"type":"binary-expr","locations":[{"start":{"line":106,"column":9},"end":{"line":106,"column":null}},{"start":{"line":107,"column":10},"end":{"line":109,"column":null}}],"line":106},"8":{"loc":{"start":{"line":116,"column":15},"end":{"line":116,"column":null}},"type":"cond-expr","locations":[{"start":{"line":116,"column":57},"end":{"line":116,"column":84}},{"start":{"line":116,"column":84},"end":{"line":116,"column":null}}],"line":116},"9":{"loc":{"start":{"line":122,"column":56},"end":{"line":122,"column":null}},"type":"cond-expr","locations":[{"start":{"line":122,"column":76},"end":{"line":122,"column":118}},{"start":{"line":122,"column":118},"end":{"line":122,"column":null}}],"line":122},"10":{"loc":{"start":{"line":145,"column":24},"end":{"line":145,"column":null}},"type":"binary-expr","locations":[{"start":{"line":145,"column":24},"end":{"line":145,"column":42}},{"start":{"line":145,"column":42},"end":{"line":145,"column":null}}],"line":145},"11":{"loc":{"start":{"line":165,"column":7},"end":{"line":173,"column":null}},"type":"binary-expr","locations":[{"start":{"line":165,"column":7},"end":{"line":165,"column":null}},{"start":{"line":166,"column":8},"end":{"line":173,"column":null}}],"line":165}},"s":{"0":13,"1":13,"2":13,"3":13,"4":10,"5":9,"6":1,"7":1,"8":1,"9":1,"10":1,"11":0,"12":9,"13":9,"14":0,"15":0,"16":13,"17":13,"18":13,"19":13,"20":1,"21":1,"22":2,"23":1,"24":1},"f":{"0":13,"1":13,"2":10,"3":1,"4":9,"5":0,"6":1,"7":1,"8":2,"9":1,"10":1},"b":{"0":[13,0],"1":[9,1],"2":[10,9],"3":[1,0],"4":[13,12,1],"5":[1,1],"6":[1,1],"7":[13,13],"8":[12,1],"9":[1,12],"10":[13,12],"11":[13,2]},"meta":{"lastBranch":12,"lastFunction":11,"lastStatement":25,"seen":{"f:18:9:18:33":0,"s:19:49:23:Infinity":0,"s:24:2:24:Infinity":1,"b:24:9:24:30:24:30:24:Infinity":0,"f:27:9:27:18":1,"s:34:23:34:Infinity":2,"s:39:2:60:Infinity":3,"f:39:2:39:18":2,"b:41:4:59:Infinity:undefined:undefined:undefined:undefined":1,"s:41:4:59:Infinity":4,"b:41:8:41:51:41:51:41:82":2,"s:43:24:55:Infinity":5,"f:43:24:43:42":3,"s:44:34:44:Infinity":6,"b:46:8:54:Infinity:51:15:54:Infinity":3,"s:46:8:54:Infinity":7,"s:47:10:47:Infinity":8,"s:48:10:48:Infinity":9,"s:50:10:50:Infinity":10,"s:53:10:53:Infinity":11,"s:58:6:58:Infinity":12,"f:58:6:58:19":4,"s:58:19:58:Infinity":13,"f:63:11:63:33":5,"s:64:4:64:Infinity":14,"s:65:4:65:Infinity":15,"s:68:28:68:Infinity":16,"s:69:28:69:Infinity":17,"s:70:28:70:Infinity":18,"s:72:2:173:Infinity":19,"b:88:10:88:38:88:38:88:Infinity:89:10:102:Infinity":4,"b:90:13:90:Infinity:91:14:96:28":5,"b:96:13:96:Infinity:97:14:102:Infinity":6,"b:106:9:106:Infinity:107:10:109:Infinity":7,"b:116:57:116:84:116:84:116:Infinity":8,"b:122:76:122:118:122:118:122:Infinity":9,"f:137:14:137:29":6,"s:137:29:137:Infinity":20,"f:144:14:144:29":7,"s:144:29:144:Infinity":21,"b:145:24:145:42:145:42:145:Infinity":10,"f:151:14:151:29":8,"s:151:29:151:Infinity":22,"f:157:14:157:29":9,"s:157:29:157:Infinity":23,"b:165:7:165:Infinity:166:8:173:Infinity":11,"f:170:10:170:28":10,"s:170:28:170:Infinity":24}}}
,"C:\\Users\\joama\\OneDrive\\Desktop\\ProyectoM4-JoaquinGonzalezFT73\\Taskify-app\\src\\components\\tasks\\TaskForm\\TaskForm.css": {"path":"C:\\Users\\joama\\OneDrive\\Desktop\\ProyectoM4-JoaquinGonzalezFT73\\Taskify-app\\src\\components\\tasks\\TaskForm\\TaskForm.css","statementMap":{},"fnMap":{},"branchMap":{},"s":{},"f":{},"b":{},"meta":{"lastBranch":0,"lastFunction":0,"lastStatement":0,"seen":{}}}
,"C:\\Users\\joama\\OneDrive\\Desktop\\ProyectoM4-JoaquinGonzalezFT73\\Taskify-app\\src\\components\\tasks\\TaskForm\\TaskForm.tsx": {"path":"C:\\Users\\joama\\OneDrive\\Desktop\\ProyectoM4-JoaquinGonzalezFT73\\Taskify-app\\src\\components\\tasks\\TaskForm\\TaskForm.tsx","statementMap":{"0":{"start":{"line":15,"column":28},"end":{"line":20,"column":null}},"1":{"start":{"line":19,"column":21},"end":{"line":19,"column":null}},"2":{"start":{"line":23,"column":88},"end":{"line":27,"column":null}},"3":{"start":{"line":30,"column":22},"end":{"line":30,"column":null}},"4":{"start":{"line":32,"column":22},"end":{"line":32,"column":null}},"5":{"start":{"line":33,"column":22},"end":{"line":33,"column":null}},"6":{"start":{"line":34,"column":22},"end":{"line":34,"column":null}},"7":{"start":{"line":35,"column":22},"end":{"line":35,"column":null}},"8":{"start":{"line":36,"column":22},"end":{"line":36,"column":null}},"9":{"start":{"line":37,"column":22},"end":{"line":37,"column":null}},"10":{"start":{"line":38,"column":22},"end":{"line":38,"column":null}},"11":{"start":{"line":40,"column":11},"end":{"line":40,"column":null}},"12":{"start":{"line":41,"column":76},"end":{"line":42,"column":null}},"13":{"start":{"line":45,"column":4},"end":{"line":45,"column":null}},"14":{"start":{"line":46,"column":4},"end":{"line":51,"column":null}},"15":{"start":{"line":47,"column":6},"end":{"line":47,"column":null}},"16":{"start":{"line":48,"column":6},"end":{"line":48,"column":null}},"17":{"start":{"line":48,"column":23},"end":{"line":48,"column":45}},"18":{"start":{"line":49,"column":6},"end":{"line":49,"column":null}},"19":{"start":{"line":50,"column":6},"end":{"line":50,"column":null}},"20":{"start":{"line":52,"column":4},"end":{"line":60,"column":null}},"21":{"start":{"line":61,"column":4},"end":{"line":61,"column":null}},"22":{"start":{"line":65,"column":4},"end":{"line":65,"column":null}},"23":{"start":{"line":66,"column":4},"end":{"line":66,"column":null}},"24":{"start":{"line":69,"column":2},"end":{"line":222,"column":null}},"25":{"start":{"line":74,"column":24},"end":{"line":74,"column":null}},"26":{"start":{"line":107,"column":31},"end":{"line":107,"column":58}},"27":{"start":{"line":107,"column":58},"end":{"line":107,"column":124}},"28":{"start":{"line":107,"column":84},"end":{"line":107,"column":124}},"29":{"start":{"line":108,"column":26},"end":{"line":108,"column":null}},"30":{"start":{"line":130,"column":31},"end":{"line":130,"column":63}},"31":{"start":{"line":130,"column":63},"end":{"line":130,"column":139}},"32":{"start":{"line":130,"column":94},"end":{"line":130,"column":139}},"33":{"start":{"line":131,"column":26},"end":{"line":131,"column":null}},"34":{"start":{"line":151,"column":31},"end":{"line":151,"column":null}},"35":{"start":{"line":164,"column":31},"end":{"line":164,"column":null}},"36":{"start":{"line":176,"column":14},"end":{"line":188,"column":null}},"37":{"start":{"line":185,"column":31},"end":{"line":185,"column":null}},"38":{"start":{"line":205,"column":31},"end":{"line":205,"column":63}},"39":{"start":{"line":205,"column":63},"end":{"line":205,"column":139}},"40":{"start":{"line":205,"column":94},"end":{"line":205,"column":139}},"41":{"start":{"line":206,"column":26},"end":{"line":206,"column":null}}},"fnMap":{"0":{"name":"(anonymous_0)","decl":{"start":{"line":19,"column":2},"end":{"line":19,"column":21}},"loc":{"start":{"line":19,"column":21},"end":{"line":19,"column":null}},"line":19},"1":{"name":"TaskForm","decl":{"start":{"line":29,"column":9},"end":{"line":29,"column":18}},"loc":{"start":{"line":29,"column":86},"end":{"line":224,"column":null}},"line":29},"2":{"name":"manejarEnvio","decl":{"start":{"line":44,"column":11},"end":{"line":44,"column":24}},"loc":{"start":{"line":44,"column":44},"end":{"line":62,"column":null}},"line":44},"3":{"name":"(anonymous_3)","decl":{"start":{"line":48,"column":6},"end":{"line":48,"column":23}},"loc":{"start":{"line":48,"column":23},"end":{"line":48,"column":45}},"line":48},"4":{"name":"manejarCancelar","decl":{"start":{"line":64,"column":11},"end":{"line":64,"column":29}},"loc":{"start":{"line":64,"column":29},"end":{"line":67,"column":null}},"line":64},"5":{"name":"(anonymous_5)","decl":{"start":{"line":74,"column":8},"end":{"line":74,"column":18}},"loc":{"start":{"line":74,"column":24},"end":{"line":74,"column":null}},"line":74},"6":{"name":"(anonymous_6)","decl":{"start":{"line":107,"column":12},"end":{"line":107,"column":23}},"loc":{"start":{"line":107,"column":29},"end":{"line":107,"column":null}},"line":107},"7":{"name":"(anonymous_7)","decl":{"start":{"line":108,"column":12},"end":{"line":108,"column":26}},"loc":{"start":{"line":108,"column":26},"end":{"line":108,"column":null}},"line":108},"8":{"name":"(anonymous_8)","decl":{"start":{"line":130,"column":12},"end":{"line":130,"column":23}},"loc":{"start":{"line":130,"column":29},"end":{"line":130,"column":null}},"line":130},"9":{"name":"(anonymous_9)","decl":{"start":{"line":131,"column":12},"end":{"line":131,"column":26}},"loc":{"start":{"line":131,"column":26},"end":{"line":131,"column":null}},"line":131},"10":{"name":"(anonymous_10)","decl":{"start":{"line":151,"column":14},"end":{"line":151,"column":25}},"loc":{"start":{"line":151,"column":31},"end":{"line":151,"column":null}},"line":151},"11":{"name":"(anonymous_11)","decl":{"start":{"line":164,"column":14},"end":{"line":164,"column":25}},"loc":{"start":{"line":164,"column":31},"end":{"line":164,"column":null}},"line":164},"12":{"name":"(anonymous_12)","decl":{"start":{"line":175,"column":31},"end":{"line":175,"column":36}},"loc":{"start":{"line":176,"column":14},"end":{"line":188,"column":null}},"line":176},"13":{"name":"(anonymous_13)","decl":{"start":{"line":185,"column":16},"end":{"line":185,"column":31}},"loc":{"start":{"line":185,"column":31},"end":{"line":185,"column":null}},"line":185},"14":{"name":"(anonymous_14)","decl":{"start":{"line":205,"column":12},"end":{"line":205,"column":23}},"loc":{"start":{"line":205,"column":29},"end":{"line":205,"column":null}},"line":205},"15":{"name":"(anonymous_15)","decl":{"start":{"line":206,"column":12},"end":{"line":206,"column":26}},"loc":{"start":{"line":206,"column":26},"end":{"line":206,"column":null}},"line":206}},"branchMap":{"0":{"loc":{"start":{"line":32,"column":49},"end":{"line":32,"column":82}},"type":"binary-expr","locations":[{"start":{"line":32,"column":49},"end":{"line":32,"column":80}},{"start":{"line":32,"column":80},"end":{"line":32,"column":82}}],"line":32},"1":{"loc":{"start":{"line":33,"column":49},"end":{"line":33,"column":82}},"type":"binary-expr","locations":[{"start":{"line":33,"column":49},"end":{"line":33,"column":80}},{"start":{"line":33,"column":80},"end":{"line":33,"column":82}}],"line":33},"2":{"loc":{"start":{"line":34,"column":65},"end":{"line":34,"column":101}},"type":"binary-expr","locations":[{"start":{"line":34,"column":65},"end":{"line":34,"column":94}},{"start":{"line":34,"column":94},"end":{"line":34,"column":101}}],"line":34},"3":{"loc":{"start":{"line":35,"column":49},"end":{"line":35,"column":82}},"type":"binary-expr","locations":[{"start":{"line":35,"column":49},"end":{"line":35,"column":80}},{"start":{"line":35,"column":80},"end":{"line":35,"column":82}}],"line":35},"4":{"loc":{"start":{"line":36,"column":49},"end":{"line":36,"column":82}},"type":"binary-expr","locations":[{"start":{"line":36,"column":49},"end":{"line":36,"column":80}},{"start":{"line":36,"column":80},"end":{"line":36,"column":82}}],"line":36},"5":{"loc":{"start":{"line":37,"column":49},"end":{"line":37,"column":82}},"type":"binary-expr","locations":[{"start":{"line":37,"column":49},"end":{"line":37,"column":80}},{"start":{"line":37,"column":80},"end":{"line":37,"column":82}}],"line":37},"6":{"loc":{"start":{"line":46,"column":4},"end":{"line":51,"column":null}},"type":"if","locations":[{"start":{"line":46,"column":4},"end":{"line":51,"column":null}},{"start":{},"end":{}}],"line":46},"7":{"loc":{"start":{"line":56,"column":19},"end":{"line":56,"column":null}},"type":"binary-expr","locations":[{"start":{"line":56,"column":19},"end":{"line":56,"column":36}},{"start":{"line":56,"column":36},"end":{"line":56,"column":null}}],"line":56},"8":{"loc":{"start":{"line":57,"column":19},"end":{"line":57,"column":null}},"type":"binary-expr","locations":[{"start":{"line":57,"column":19},"end":{"line":57,"column":39}},{"start":{"line":57,"column":39},"end":{"line":57,"column":null}}],"line":57},"9":{"loc":{"start":{"line":58,"column":19},"end":{"line":58,"column":null}},"type":"binary-expr","locations":[{"start":{"line":58,"column":19},"end":{"line":58,"column":39}},{"start":{"line":58,"column":39},"end":{"line":58,"column":null}}],"line":58},"10":{"loc":{"start":{"line":72,"column":32},"end":{"line":72,"column":null}},"type":"cond-expr","locations":[{"start":{"line":72,"column":45},"end":{"line":72,"column":71}},{"start":{"line":72,"column":71},"end":{"line":72,"column":null}}],"line":72},"11":{"loc":{"start":{"line":80,"column":15},"end":{"line":80,"column":64}},"type":"cond-expr","locations":[{"start":{"line":80,"column":29},"end":{"line":80,"column":46}},{"start":{"line":80,"column":46},"end":{"line":80,"column":64}}],"line":80},"12":{"loc":{"start":{"line":91,"column":10},"end":{"line":92,"column":null}},"type":"cond-expr","locations":[{"start":{"line":91,"column":52},"end":{"line":91,"column":null}},{"start":{"line":92,"column":10},"end":{"line":92,"column":null}}],"line":91},"13":{"loc":{"start":{"line":91,"column":10},"end":{"line":91,"column":52}},"type":"binary-expr","locations":[{"start":{"line":91,"column":10},"end":{"line":91,"column":34}},{"start":{"line":91,"column":34},"end":{"line":91,"column":52}}],"line":91},"14":{"loc":{"start":{"line":92,"column":10},"end":{"line":92,"column":null}},"type":"cond-expr","locations":[{"start":{"line":92,"column":52},"end":{"line":92,"column":76}},{"start":{"line":92,"column":76},"end":{"line":92,"column":null}}],"line":92},"15":{"loc":{"start":{"line":92,"column":10},"end":{"line":92,"column":52}},"type":"binary-expr","locations":[{"start":{"line":92,"column":10},"end":{"line":92,"column":34}},{"start":{"line":92,"column":34},"end":{"line":92,"column":52}}],"line":92},"16":{"loc":{"start":{"line":98,"column":54},"end":{"line":98,"column":null}},"type":"cond-expr","locations":[{"start":{"line":98,"column":75},"end":{"line":98,"column":109}},{"start":{"line":98,"column":109},"end":{"line":98,"column":null}}],"line":98},"17":{"loc":{"start":{"line":107,"column":58},"end":{"line":107,"column":124}},"type":"if","locations":[{"start":{"line":107,"column":58},"end":{"line":107,"column":124}},{"start":{},"end":{}}],"line":107},"18":{"loc":{"start":{"line":111,"column":26},"end":{"line":111,"column":null}},"type":"binary-expr","locations":[{"start":{"line":111,"column":26},"end":{"line":111,"column":50}},{"start":{"line":111,"column":50},"end":{"line":111,"column":null}}],"line":111},"19":{"loc":{"start":{"line":113,"column":11},"end":{"line":114,"column":null}},"type":"binary-expr","locations":[{"start":{"line":113,"column":11},"end":{"line":113,"column":35}},{"start":{"line":113,"column":35},"end":{"line":113,"column":null}},{"start":{"line":114,"column":12},"end":{"line":114,"column":null}}],"line":113},"20":{"loc":{"start":{"line":119,"column":39},"end":{"line":119,"column":null}},"type":"cond-expr","locations":[{"start":{"line":119,"column":90},"end":{"line":119,"column":113}},{"start":{"line":119,"column":113},"end":{"line":119,"column":null}}],"line":119},"21":{"loc":{"start":{"line":119,"column":39},"end":{"line":119,"column":90}},"type":"binary-expr","locations":[{"start":{"line":119,"column":39},"end":{"line":119,"column":68}},{"start":{"line":119,"column":68},"end":{"line":119,"column":90}}],"line":119},"22":{"loc":{"start":{"line":122,"column":54},"end":{"line":122,"column":null}},"type":"cond-expr","locations":[{"start":{"line":122,"column":81},"end":{"line":122,"column":115}},{"start":{"line":122,"column":115},"end":{"line":122,"column":null}}],"line":122},"23":{"loc":{"start":{"line":130,"column":63},"end":{"line":130,"column":139}},"type":"if","locations":[{"start":{"line":130,"column":63},"end":{"line":130,"column":139}},{"start":{},"end":{}}],"line":130},"24":{"loc":{"start":{"line":135,"column":11},"end":{"line":136,"column":null}},"type":"binary-expr","locations":[{"start":{"line":135,"column":11},"end":{"line":135,"column":40}},{"start":{"line":135,"column":40},"end":{"line":135,"column":null}},{"start":{"line":136,"column":12},"end":{"line":136,"column":null}}],"line":135},"25":{"loc":{"start":{"line":179,"column":48},"end":{"line":179,"column":null}},"type":"cond-expr","locations":[{"start":{"line":179,"column":73},"end":{"line":179,"column":103}},{"start":{"line":179,"column":103},"end":{"line":179,"column":null}}],"line":179},"26":{"loc":{"start":{"line":180,"column":23},"end":{"line":184,"column":null}},"type":"cond-expr","locations":[{"start":{"line":180,"column":48},"end":{"line":184,"column":20}},{"start":{"line":184,"column":20},"end":{"line":184,"column":null}}],"line":180},"27":{"loc":{"start":{"line":195,"column":10},"end":{"line":196,"column":null}},"type":"cond-expr","locations":[{"start":{"line":195,"column":74},"end":{"line":195,"column":null}},{"start":{"line":196,"column":10},"end":{"line":196,"column":null}}],"line":195},"28":{"loc":{"start":{"line":195,"column":10},"end":{"line":195,"column":74}},"type":"binary-expr","locations":[{"start":{"line":195,"column":10},"end":{"line":195,"column":39}},{"start":{"line":195,"column":39},"end":{"line":195,"column":74}}],"line":195},"29":{"loc":{"start":{"line":196,"column":10},"end":{"line":196,"column":null}},"type":"cond-expr","locations":[{"start":{"line":196,"column":77},"end":{"line":196,"column":101}},{"start":{"line":196,"column":101},"end":{"line":196,"column":null}}],"line":196},"30":{"loc":{"start":{"line":196,"column":10},"end":{"line":196,"column":77}},"type":"binary-expr","locations":[{"start":{"line":196,"column":10},"end":{"line":196,"column":39}},{"start":{"line":196,"column":39},"end":{"line":196,"column":54}},{"start":{"line":196,"column":54},"end":{"line":196,"column":77}}],"line":196},"31":{"loc":{"start":{"line":205,"column":63},"end":{"line":205,"column":139}},"type":"if","locations":[{"start":{"line":205,"column":63},"end":{"line":205,"column":139}},{"start":{},"end":{}}],"line":205},"32":{"loc":{"start":{"line":208,"column":11},"end":{"line":209,"column":null}},"type":"binary-expr","locations":[{"start":{"line":208,"column":11},"end":{"line":208,"column":40}},{"start":{"line":208,"column":40},"end":{"line":208,"column":null}},{"start":{"line":209,"column":12},"end":{"line":209,"column":null}}],"line":208},"33":{"loc":{"start":{"line":216,"column":13},"end":{"line":216,"column":null}},"type":"cond-expr","locations":[{"start":{"line":216,"column":27},"end":{"line":216,"column":47}},{"start":{"line":216,"column":47},"end":{"line":216,"column":null}}],"line":216}},"s":{"0":2,"1":2,"2":2,"3":90,"4":90,"5":90,"6":90,"7":90,"8":90,"9":90,"10":90,"11":90,"12":90,"13":2,"14":2,"15":1,"16":1,"17":1,"18":1,"19":1,"20":1,"21":2,"22":3,"23":3,"24":90,"25":14,"26":22,"27":22,"28":0,"29":6,"30":20,"31":20,"32":0,"33":1,"34":7,"35":15,"36":270,"37":3,"38":1,"39":1,"40":0,"41":0},"f":{"0":2,"1":90,"2":2,"3":1,"4":3,"5":14,"6":22,"7":6,"8":20,"9":1,"10":7,"11":15,"12":270,"13":3,"14":1,"15":0},"b":{"0":[90,87],"1":[90,87],"2":[90,87],"3":[90,88],"4":[90,90],"5":[90,90],"6":[1,1],"7":[1,1],"8":[2,0],"9":[2,0],"10":[1,89],"11":[3,87],"12":[9,81],"13":[90,54],"14":[45,36],"15":[81,45],"16":[0,90],"17":[0,22],"18":[90,54],"19":[90,54,9],"20":[1,89],"21":[90,25],"22":[0,90],"23":[0,20],"24":[90,25,1],"25":[90,180],"26":[90,180],"27":[0,90],"28":[90,1],"29":[0,90],"30":[90,1,0],"31":[0,1],"32":[90,1,0],"33":[3,87]},"meta":{"lastBranch":34,"lastFunction":16,"lastStatement":42,"seen":{"s:15:28:20:Infinity":0,"f:19:2:19:21":0,"s:19:21:19:Infinity":1,"s:23:88:27:Infinity":2,"f:29:9:29:18":1,"s:30:22:30:Infinity":3,"s:32:22:32:Infinity":4,"b:32:49:32:80:32:80:32:82":0,"s:33:22:33:Infinity":5,"b:33:49:33:80:33:80:33:82":1,"s:34:22:34:Infinity":6,"b:34:65:34:94:34:94:34:101":2,"s:35:22:35:Infinity":7,"b:35:49:35:80:35:80:35:82":3,"s:36:22:36:Infinity":8,"b:36:49:36:80:36:80:36:82":4,"s:37:22:37:Infinity":9,"b:37:49:37:80:37:80:37:82":5,"s:38:22:38:Infinity":10,"s:40:11:40:Infinity":11,"s:41:76:42:Infinity":12,"f:44:11:44:24":2,"s:45:4:45:Infinity":13,"b:46:4:51:Infinity:undefined:undefined:undefined:undefined":6,"s:46:4:51:Infinity":14,"s:47:6:47:Infinity":15,"s:48:6:48:Infinity":16,"f:48:6:48:23":3,"s:48:23:48:45":17,"s:49:6:49:Infinity":18,"s:50:6:50:Infinity":19,"s:52:4:60:Infinity":20,"b:56:19:56:36:56:36:56:Infinity":7,"b:57:19:57:39:57:39:57:Infinity":8,"b:58:19:58:39:58:39:58:Infinity":9,"s:61:4:61:Infinity":21,"f:64:11:64:29":4,"s:65:4:65:Infinity":22,"s:66:4:66:Infinity":23,"s:69:2:222:Infinity":24,"b:72:45:72:71:72:71:72:Infinity":10,"f:74:8:74:18":5,"s:74:24:74:Infinity":25,"b:80:29:80:46:80:46:80:64":11,"b:91:52:91:Infinity:92:10:92:Infinity":12,"b:91:10:91:34:91:34:91:52":13,"b:92:52:92:76:92:76:92:Infinity":14,"b:92:10:92:34:92:34:92:52":15,"b:98:75:98:109:98:109:98:Infinity":16,"f:107:12:107:23":6,"s:107:31:107:58":26,"b:107:58:107:124:undefined:undefined:undefined:undefined":17,"s:107:58:107:124":27,"s:107:84:107:124":28,"f:108:12:108:26":7,"s:108:26:108:Infinity":29,"b:111:26:111:50:111:50:111:Infinity":18,"b:113:11:113:35:113:35:113:Infinity:114:12:114:Infinity":19,"b:119:90:119:113:119:113:119:Infinity":20,"b:119:39:119:68:119:68:119:90":21,"b:122:81:122:115:122:115:122:Infinity":22,"f:130:12:130:23":8,"s:130:31:130:63":30,"b:130:63:130:139:undefined:undefined:undefined:undefined":23,"s:130:63:130:139":31,"s:130:94:130:139":32,"f:131:12:131:26":9,"s:131:26:131:Infinity":33,"b:135:11:135:40:135:40:135:Infinity:136:12:136:Infinity":24,"f:151:14:151:25":10,"s:151:31:151:Infinity":34,"f:164:14:164:25":11,"s:164:31:164:Infinity":35,"f:175:31:175:36":12,"s:176:14:188:Infinity":36,"b:179:73:179:103:179:103:179:Infinity":25,"b:180:48:184:20:184:20:184:Infinity":26,"f:185:16:185:31":13,"s:185:31:185:Infinity":37,"b:195:74:195:Infinity:196:10:196:Infinity":27,"b:195:10:195:39:195:39:195:74":28,"b:196:77:196:101:196:101:196:Infinity":29,"b:196:10:196:39:196:39:196:54:196:54:196:77":30,"f:205:12:205:23":14,"s:205:31:205:63":38,"b:205:63:205:139:undefined:undefined:undefined:undefined":31,"s:205:63:205:139":39,"s:205:94:205:139":40,"f:206:12:206:26":15,"s:206:26:206:Infinity":41,"b:208:11:208:40:208:40:208:Infinity:209:12:209:Infinity":32,"b:216:27:216:47:216:47:216:Infinity":33}}}
,"C:\\Users\\joama\\OneDrive\\Desktop\\ProyectoM4-JoaquinGonzalezFT73\\Taskify-app\\src\\components\\ui\\ActivityFeed\\ActivityFeed.css": {"path":"C:\\Users\\joama\\OneDrive\\Desktop\\ProyectoM4-JoaquinGonzalezFT73\\Taskify-app\\src\\components\\ui\\ActivityFeed\\ActivityFeed.css","statementMap":{},"fnMap":{},"branchMap":{},"s":{},"f":{},"b":{},"meta":{"lastBranch":0,"lastFunction":0,"lastStatement":0,"seen":{}}}
,"C:\\Users\\joama\\OneDrive\\Desktop\\ProyectoM4-JoaquinGonzalezFT73\\Taskify-app\\src\\components\\ui\\ActivityFeed\\ActivityFeed.tsx": {"path":"C:\\Users\\joama\\OneDrive\\Desktop\\ProyectoM4-JoaquinGonzalezFT73\\Taskify-app\\src\\components\\ui\\ActivityFeed\\ActivityFeed.tsx","statementMap":{"0":{"start":{"line":10,"column":14},"end":{"line":10,"column":null}},"1":{"start":{"line":12,"column":2},"end":{"line":83,"column":null}},"2":{"start":{"line":35,"column":27},"end":{"line":35,"column":null}},"3":{"start":{"line":36,"column":31},"end":{"line":36,"column":null}},"4":{"start":{"line":38,"column":12},"end":{"line":77,"column":null}}},"fnMap":{"0":{"name":"ActivityFeed","decl":{"start":{"line":9,"column":9},"end":{"line":9,"column":22}},"loc":{"start":{"line":9,"column":58},"end":{"line":85,"column":null}},"line":9},"1":{"name":"(anonymous_1)","decl":{"start":{"line":34,"column":23},"end":{"line":34,"column":28}},"loc":{"start":{"line":34,"column":50},"end":{"line":79,"column":11}},"line":34}},"branchMap":{"0":{"loc":{"start":{"line":17,"column":9},"end":{"line":22,"column":null}},"type":"binary-expr","locations":[{"start":{"line":17,"column":9},"end":{"line":17,"column":null}},{"start":{"line":18,"column":10},"end":{"line":22,"column":null}}],"line":17},"1":{"loc":{"start":{"line":24,"column":7},"end":{"line":29,"column":null}},"type":"binary-expr","locations":[{"start":{"line":24,"column":7},"end":{"line":24,"column":null}},{"start":{"line":25,"column":8},"end":{"line":29,"column":null}}],"line":24},"2":{"loc":{"start":{"line":32,"column":7},"end":{"line":80,"column":null}},"type":"binary-expr","locations":[{"start":{"line":32,"column":7},"end":{"line":32,"column":null}},{"start":{"line":33,"column":8},"end":{"line":80,"column":null}}],"line":32},"3":{"loc":{"start":{"line":42,"column":18},"end":{"line":42,"column":null}},"type":"cond-expr","locations":[{"start":{"line":42,"column":33},"end":{"line":42,"column":64}},{"start":{"line":42,"column":64},"end":{"line":42,"column":null}}],"line":42},"4":{"loc":{"start":{"line":51,"column":19},"end":{"line":54,"column":null}},"type":"binary-expr","locations":[{"start":{"line":51,"column":19},"end":{"line":51,"column":null}},{"start":{"line":52,"column":20},"end":{"line":54,"column":null}}],"line":51}},"s":{"0":2,"1":2,"2":2,"3":2,"4":2},"f":{"0":2,"1":2},"b":{"0":[2,1],"1":[2,1],"2":[2,1],"3":[1,1],"4":[2,1]},"meta":{"lastBranch":5,"lastFunction":2,"lastStatement":5,"seen":{"f:9:9:9:22":0,"s:10:14:10:Infinity":0,"s:12:2:83:Infinity":1,"b:17:9:17:Infinity:18:10:22:Infinity":0,"b:24:7:24:Infinity:25:8:29:Infinity":1,"b:32:7:32:Infinity:33:8:80:Infinity":2,"f:34:23:34:28":1,"s:35:27:35:Infinity":2,"s:36:31:36:Infinity":3,"s:38:12:77:Infinity":4,"b:42:33:42:64:42:64:42:Infinity":3,"b:51:19:51:Infinity:52:20:54:Infinity":4}}}
,"C:\\Users\\joama\\OneDrive\\Desktop\\ProyectoM4-JoaquinGonzalezFT73\\Taskify-app\\src\\components\\ui\\StatCard\\StatCard.css": {"path":"C:\\Users\\joama\\OneDrive\\Desktop\\ProyectoM4-JoaquinGonzalezFT73\\Taskify-app\\src\\components\\ui\\StatCard\\StatCard.css","statementMap":{},"fnMap":{},"branchMap":{},"s":{},"f":{},"b":{},"meta":{"lastBranch":0,"lastFunction":0,"lastStatement":0,"seen":{}}}
,"C:\\Users\\joama\\OneDrive\\Desktop\\ProyectoM4-JoaquinGonzalezFT73\\Taskify-app\\src\\components\\ui\\StatCard\\StatCard.tsx": {"path":"C:\\Users\\joama\\OneDrive\\Desktop\\ProyectoM4-JoaquinGonzalezFT73\\Taskify-app\\src\\components\\ui\\StatCard\\StatCard.tsx","statementMap":{"0":{"start":{"line":22,"column":2},"end":{"line":41,"column":null}}},"fnMap":{"0":{"name":"StatCard","decl":{"start":{"line":15,"column":9},"end":{"line":15,"column":18}},"loc":{"start":{"line":21,"column":18},"end":{"line":43,"column":null}},"line":21}},"branchMap":{},"s":{"0":2},"f":{"0":2},"b":{},"meta":{"lastBranch":0,"lastFunction":1,"lastStatement":1,"seen":{"f:15:9:15:18":0,"s:22:2:41:Infinity":0}}}
,"C:\\Users\\joama\\OneDrive\\Desktop\\ProyectoM4-JoaquinGonzalezFT73\\Taskify-app\\src\\context\\AlertContext.tsx": {"path":"C:\\Users\\joama\\OneDrive\\Desktop\\ProyectoM4-JoaquinGonzalezFT73\\Taskify-app\\src\\context\\AlertContext.tsx","statementMap":{"0":{"start":{"line":76,"column":13},"end":{"line":79,"column":null}},"1":{"start":{"line":89,"column":25},"end":{"line":90,"column":null}},"2":{"start":{"line":95,"column":8},"end":{"line":131,"column":null}},"3":{"start":{"line":103,"column":8},"end":{"line":105,"column":null}},"4":{"start":{"line":107,"column":41},"end":{"line":113,"column":null}},"5":{"start":{"line":115,"column":6},"end":{"line":118,"column":null}},"6":{"start":{"line":115,"column":38},"end":{"line":118,"column":7}},"7":{"start":{"line":120,"column":6},"end":{"line":128,"column":null}},"8":{"start":{"line":121,"column":8},"end":{"line":127,"column":null}},"9":{"start":{"line":122,"column":10},"end":{"line":126,"column":null}},"10":{"start":{"line":124,"column":14},"end":{"line":125,"column":null}},"11":{"start":{"line":136,"column":8},"end":{"line":147,"column":null}},"12":{"start":{"line":138,"column":6},"end":{"line":144,"column":null}},"13":{"start":{"line":139,"column":8},"end":{"line":143,"column":null}},"14":{"start":{"line":141,"column":12},"end":{"line":142,"column":null}},"15":{"start":{"line":152,"column":8},"end":{"line":161,"column":null}},"16":{"start":{"line":154,"column":6},"end":{"line":158,"column":null}},"17":{"start":{"line":163,"column":8},"end":{"line":173,"column":null}},"18":{"start":{"line":165,"column":6},"end":{"line":170,"column":null}},"19":{"start":{"line":175,"column":8},"end":{"line":184,"column":null}},"20":{"start":{"line":177,"column":6},"end":{"line":181,"column":null}},"21":{"start":{"line":186,"column":8},"end":{"line":196,"column":null}},"22":{"start":{"line":188,"column":6},"end":{"line":193,"column":null}},"23":{"start":{"line":198,"column":8},"end":{"line":207,"column":null}},"24":{"start":{"line":200,"column":6},"end":{"line":204,"column":null}},"25":{"start":{"line":209,"column":2},"end":{"line":223,"column":null}}},"fnMap":{"0":{"name":"AlertProvider","decl":{"start":{"line":84,"column":16},"end":{"line":84,"column":30}},"loc":{"start":{"line":88,"column":3},"end":{"line":225,"column":null}},"line":88},"1":{"name":"(anonymous_1)","decl":{"start":{"line":95,"column":24},"end":{"line":95,"column":null}},"loc":{"start":{"line":101,"column":9},"end":{"line":129,"column":null}},"line":101},"2":{"name":"(anonymous_2)","decl":{"start":{"line":115,"column":6},"end":{"line":115,"column":25}},"loc":{"start":{"line":115,"column":38},"end":{"line":118,"column":7}},"line":115},"3":{"name":"(anonymous_3)","decl":{"start":{"line":120,"column":6},"end":{"line":120,"column":23}},"loc":{"start":{"line":120,"column":23},"end":{"line":128,"column":9}},"line":120},"4":{"name":"(anonymous_4)","decl":{"start":{"line":121,"column":8},"end":{"line":121,"column":27}},"loc":{"start":{"line":122,"column":10},"end":{"line":126,"column":null}},"line":122},"5":{"name":"(anonymous_5)","decl":{"start":{"line":122,"column":19},"end":{"line":122,"column":null}},"loc":{"start":{"line":124,"column":14},"end":{"line":125,"column":null}},"line":124},"6":{"name":"(anonymous_6)","decl":{"start":{"line":136,"column":23},"end":{"line":136,"column":null}},"loc":{"start":{"line":137,"column":36},"end":{"line":145,"column":null}},"line":137},"7":{"name":"(anonymous_7)","decl":{"start":{"line":138,"column":6},"end":{"line":138,"column":25}},"loc":{"start":{"line":139,"column":8},"end":{"line":143,"column":null}},"line":139},"8":{"name":"(anonymous_8)","decl":{"start":{"line":139,"column":17},"end":{"line":139,"column":null}},"loc":{"start":{"line":141,"column":12},"end":{"line":142,"column":null}},"line":141},"9":{"name":"(anonymous_9)","decl":{"start":{"line":152,"column":22},"end":{"line":152,"column":null}},"loc":{"start":{"line":153,"column":42},"end":{"line":159,"column":null}},"line":153},"10":{"name":"(anonymous_10)","decl":{"start":{"line":163,"column":22},"end":{"line":163,"column":null}},"loc":{"start":{"line":164,"column":42},"end":{"line":171,"column":null}},"line":164},"11":{"name":"(anonymous_11)","decl":{"start":{"line":175,"column":28},"end":{"line":175,"column":null}},"loc":{"start":{"line":176,"column":42},"end":{"line":182,"column":null}},"line":176},"12":{"name":"(anonymous_12)","decl":{"start":{"line":186,"column":21},"end":{"line":186,"column":null}},"loc":{"start":{"line":187,"column":42},"end":{"line":194,"column":null}},"line":187},"13":{"name":"(anonymous_13)","decl":{"start":{"line":198,"column":26},"end":{"line":198,"column":null}},"loc":{"start":{"line":199,"column":42},"end":{"line":205,"column":null}},"line":199}},"branchMap":{"0":{"loc":{"start":{"line":100,"column":6},"end":{"line":100,"column":null}},"type":"default-arg","locations":[{"start":{"line":100,"column":29},"end":{"line":100,"column":null}}],"line":100}},"s":{"0":4,"1":33,"2":33,"3":13,"4":13,"5":13,"6":13,"7":13,"8":0,"9":0,"10":0,"11":33,"12":2,"13":2,"14":2,"15":33,"16":0,"17":33,"18":0,"19":33,"20":0,"21":33,"22":0,"23":33,"24":0,"25":33},"f":{"0":33,"1":13,"2":13,"3":0,"4":0,"5":0,"6":2,"7":2,"8":2,"9":0,"10":0,"11":0,"12":0,"13":0},"b":{"0":[13]},"meta":{"lastBranch":1,"lastFunction":14,"lastStatement":26,"seen":{"s:76:13:79:Infinity":0,"f:84:16:84:30":0,"s:89:25:90:Infinity":1,"s:95:8:131:Infinity":2,"f:95:24:95:Infinity":1,"b:100:29:100:Infinity":0,"s:103:8:105:Infinity":3,"s:107:41:113:Infinity":4,"s:115:6:118:Infinity":5,"f:115:6:115:25":2,"s:115:38:118:7":6,"s:120:6:128:Infinity":7,"f:120:6:120:23":3,"s:121:8:127:Infinity":8,"f:121:8:121:27":4,"s:122:10:126:Infinity":9,"f:122:19:122:Infinity":5,"s:124:14:125:Infinity":10,"s:136:8:147:Infinity":11,"f:136:23:136:Infinity":6,"s:138:6:144:Infinity":12,"f:138:6:138:25":7,"s:139:8:143:Infinity":13,"f:139:17:139:Infinity":8,"s:141:12:142:Infinity":14,"s:152:8:161:Infinity":15,"f:152:22:152:Infinity":9,"s:154:6:158:Infinity":16,"s:163:8:173:Infinity":17,"f:163:22:163:Infinity":10,"s:165:6:170:Infinity":18,"s:175:8:184:Infinity":19,"f:175:28:175:Infinity":11,"s:177:6:181:Infinity":20,"s:186:8:196:Infinity":21,"f:186:21:186:Infinity":12,"s:188:6:193:Infinity":22,"s:198:8:207:Infinity":23,"f:198:26:198:Infinity":13,"s:200:6:204:Infinity":24,"s:209:2:223:Infinity":25}}}
,"C:\\Users\\joama\\OneDrive\\Desktop\\ProyectoM4-JoaquinGonzalezFT73\\Taskify-app\\src\\hooks\\useAlert.ts": {"path":"C:\\Users\\joama\\OneDrive\\Desktop\\ProyectoM4-JoaquinGonzalezFT73\\Taskify-app\\src\\hooks\\useAlert.ts","statementMap":{"0":{"start":{"line":19,"column":8},"end":{"line":19,"column":null}},"1":{"start":{"line":22,"column":2},"end":{"line":27,"column":null}},"2":{"start":{"line":23,"column":4},"end":{"line":26,"column":null}},"3":{"start":{"line":33,"column":6},"end":{"line":33,"column":null}},"4":{"start":{"line":39,"column":8},"end":{"line":48,"column":null}},"5":{"start":{"line":43,"column":4},"end":{"line":47,"column":null}},"6":{"start":{"line":50,"column":8},"end":{"line":60,"column":null}},"7":{"start":{"line":54,"column":4},"end":{"line":59,"column":null}},"8":{"start":{"line":62,"column":8},"end":{"line":71,"column":null}},"9":{"start":{"line":66,"column":4},"end":{"line":70,"column":null}},"10":{"start":{"line":73,"column":8},"end":{"line":83,"column":null}},"11":{"start":{"line":77,"column":4},"end":{"line":82,"column":null}},"12":{"start":{"line":86,"column":8},"end":{"line":95,"column":null}},"13":{"start":{"line":90,"column":4},"end":{"line":94,"column":null}},"14":{"start":{"line":101,"column":8},"end":{"line":113,"column":null}},"15":{"start":{"line":107,"column":4},"end":{"line":112,"column":null}},"16":{"start":{"line":115,"column":2},"end":{"line":126,"column":null}}},"fnMap":{"0":{"name":"useAlert","decl":{"start":{"line":18,"column":16},"end":{"line":18,"column":27}},"loc":{"start":{"line":18,"column":27},"end":{"line":127,"column":null}},"line":18},"1":{"name":"(anonymous_1)","decl":{"start":{"line":39,"column":8},"end":{"line":39,"column":null}},"loc":{"start":{"line":42,"column":13},"end":{"line":48,"column":null}},"line":42},"2":{"name":"(anonymous_2)","decl":{"start":{"line":50,"column":8},"end":{"line":50,"column":null}},"loc":{"start":{"line":53,"column":13},"end":{"line":60,"column":null}},"line":53},"3":{"name":"(anonymous_3)","decl":{"start":{"line":62,"column":8},"end":{"line":62,"column":null}},"loc":{"start":{"line":65,"column":13},"end":{"line":71,"column":null}},"line":65},"4":{"name":"(anonymous_4)","decl":{"start":{"line":73,"column":8},"end":{"line":73,"column":null}},"loc":{"start":{"line":76,"column":13},"end":{"line":83,"column":null}},"line":76},"5":{"name":"(anonymous_5)","decl":{"start":{"line":86,"column":8},"end":{"line":86,"column":null}},"loc":{"start":{"line":89,"column":13},"end":{"line":95,"column":null}},"line":89},"6":{"name":"(anonymous_6)","decl":{"start":{"line":101,"column":8},"end":{"line":101,"column":null}},"loc":{"start":{"line":106,"column":13},"end":{"line":113,"column":null}},"line":106}},"branchMap":{"0":{"loc":{"start":{"line":22,"column":2},"end":{"line":27,"column":null}},"type":"if","locations":[{"start":{"line":22,"column":2},"end":{"line":27,"column":null}},{"start":{},"end":{}}],"line":22}},"s":{"0":18,"1":18,"2":2,"3":16,"4":16,"5":4,"6":16,"7":2,"8":16,"9":1,"10":16,"11":2,"12":16,"13":2,"14":16,"15":2,"16":16},"f":{"0":18,"1":4,"2":2,"3":1,"4":2,"5":2,"6":2},"b":{"0":[2,16]},"meta":{"lastBranch":1,"lastFunction":7,"lastStatement":17,"seen":{"f:18:16:18:27":0,"s:19:8:19:Infinity":0,"b:22:2:27:Infinity:undefined:undefined:undefined:undefined":0,"s:22:2:27:Infinity":1,"s:23:4:26:Infinity":2,"s:33:6:33:Infinity":3,"s:39:8:48:Infinity":4,"f:39:8:39:Infinity":1,"s:43:4:47:Infinity":5,"s:50:8:60:Infinity":6,"f:50:8:50:Infinity":2,"s:54:4:59:Infinity":7,"s:62:8:71:Infinity":8,"f:62:8:62:Infinity":3,"s:66:4:70:Infinity":9,"s:73:8:83:Infinity":10,"f:73:8:73:Infinity":4,"s:77:4:82:Infinity":11,"s:86:8:95:Infinity":12,"f:86:8:86:Infinity":5,"s:90:4:94:Infinity":13,"s:101:8:113:Infinity":14,"f:101:8:101:Infinity":6,"s:107:4:112:Infinity":15,"s:115:2:126:Infinity":16}}}
,"C:\\Users\\joama\\OneDrive\\Desktop\\ProyectoM4-JoaquinGonzalezFT73\\Taskify-app\\src\\hooks\\useAuth.ts": {"path":"C:\\Users\\joama\\OneDrive\\Desktop\\ProyectoM4-JoaquinGonzalezFT73\\Taskify-app\\src\\hooks\\useAuth.ts","statementMap":{"0":{"start":{"line":18,"column":19},"end":{"line":18,"column":null}},"1":{"start":{"line":19,"column":19},"end":{"line":19,"column":null}},"2":{"start":{"line":21,"column":2},"end":{"line":30,"column":null}},"3":{"start":{"line":23,"column":10},"end":{"line":26,"column":null}},"4":{"start":{"line":24,"column":6},"end":{"line":24,"column":null}},"5":{"start":{"line":25,"column":6},"end":{"line":25,"column":null}},"6":{"start":{"line":29,"column":4},"end":{"line":29,"column":null}},"7":{"start":{"line":29,"column":17},"end":{"line":29,"column":null}},"8":{"start":{"line":32,"column":2},"end":{"line":32,"column":null}}},"fnMap":{"0":{"name":"useAuth","decl":{"start":{"line":17,"column":16},"end":{"line":17,"column":40}},"loc":{"start":{"line":17,"column":40},"end":{"line":33,"column":null}},"line":17},"1":{"name":"(anonymous_1)","decl":{"start":{"line":21,"column":2},"end":{"line":21,"column":18}},"loc":{"start":{"line":21,"column":18},"end":{"line":30,"column":5}},"line":21},"2":{"name":"(anonymous_2)","decl":{"start":{"line":23,"column":51},"end":{"line":23,"column":58}},"loc":{"start":{"line":23,"column":76},"end":{"line":26,"column":5}},"line":23},"3":{"name":"(anonymous_3)","decl":{"start":{"line":29,"column":4},"end":{"line":29,"column":17}},"loc":{"start":{"line":29,"column":17},"end":{"line":29,"column":null}},"line":29}},"branchMap":{},"s":{"0":2,"1":2,"2":2,"3":1,"4":1,"5":1,"6":1,"7":1,"8":2},"f":{"0":2,"1":1,"2":1,"3":1},"b":{},"meta":{"lastBranch":0,"lastFunction":4,"lastStatement":9,"seen":{"f:17:16:17:40":0,"s:18:19:18:Infinity":0,"s:19:19:19:Infinity":1,"s:21:2:30:Infinity":2,"f:21:2:21:18":1,"s:23:10:26:Infinity":3,"f:23:51:23:58":2,"s:24:6:24:Infinity":4,"s:25:6:25:Infinity":5,"s:29:4:29:Infinity":6,"f:29:4:29:17":3,"s:29:17:29:Infinity":7,"s:32:2:32:Infinity":8}}}
,"C:\\Users\\joama\\OneDrive\\Desktop\\ProyectoM4-JoaquinGonzalezFT73\\Taskify-app\\src\\hooks\\useFormValidation.ts": {"path":"C:\\Users\\joama\\OneDrive\\Desktop\\ProyectoM4-JoaquinGonzalezFT73\\Taskify-app\\src\\hooks\\useFormValidation.ts","statementMap":{"0":{"start":{"line":31,"column":18},"end":{"line":40,"column":null}},"1":{"start":{"line":34,"column":31},"end":{"line":34,"column":null}},"2":{"start":{"line":35,"column":6},"end":{"line":37,"column":null}},"3":{"start":{"line":36,"column":8},"end":{"line":36,"column":null}},"4":{"start":{"line":38,"column":6},"end":{"line":38,"column":null}},"5":{"start":{"line":44,"column":24},"end":{"line":52,"column":null}},"6":{"start":{"line":47,"column":29},"end":{"line":47,"column":null}},"7":{"start":{"line":48,"column":4},"end":{"line":50,"column":null}},"8":{"start":{"line":49,"column":6},"end":{"line":49,"column":null}},"9":{"start":{"line":51,"column":4},"end":{"line":51,"column":null}},"10":{"start":{"line":60,"column":8},"end":{"line":73,"column":null}},"11":{"start":{"line":62,"column":32},"end":{"line":62,"column":null}},"12":{"start":{"line":63,"column":29},"end":{"line":63,"column":null}},"13":{"start":{"line":65,"column":6},"end":{"line":68,"column":null}},"14":{"start":{"line":65,"column":32},"end":{"line":68,"column":8}},"15":{"start":{"line":70,"column":6},"end":{"line":70,"column":null}},"16":{"start":{"line":80,"column":8},"end":{"line":91,"column":null}},"17":{"start":{"line":82,"column":6},"end":{"line":85,"column":null}},"18":{"start":{"line":82,"column":38},"end":{"line":85,"column":8}},"19":{"start":{"line":88,"column":6},"end":{"line":88,"column":null}},"20":{"start":{"line":99,"column":8},"end":{"line":113,"column":null}},"21":{"start":{"line":100,"column":26},"end":{"line":100,"column":null}},"22":{"start":{"line":101,"column":27},"end":{"line":101,"column":null}},"23":{"start":{"line":103,"column":4},"end":{"line":107,"column":null}},"24":{"start":{"line":104,"column":32},"end":{"line":104,"column":null}},"25":{"start":{"line":105,"column":6},"end":{"line":105,"column":null}},"26":{"start":{"line":106,"column":6},"end":{"line":106,"column":null}},"27":{"start":{"line":109,"column":4},"end":{"line":109,"column":null}},"28":{"start":{"line":110,"column":4},"end":{"line":110,"column":null}},"29":{"start":{"line":112,"column":4},"end":{"line":112,"column":null}},"30":{"start":{"line":120,"column":8},"end":{"line":131,"column":null}},"31":{"start":{"line":121,"column":27},"end":{"line":121,"column":null}},"32":{"start":{"line":122,"column":27},"end":{"line":122,"column":null}},"33":{"start":{"line":124,"column":4},"end":{"line":127,"column":null}},"34":{"start":{"line":125,"column":6},"end":{"line":125,"column":null}},"35":{"start":{"line":126,"column":6},"end":{"line":126,"column":null}},"36":{"start":{"line":129,"column":4},"end":{"line":129,"column":null}},"37":{"start":{"line":130,"column":4},"end":{"line":130,"column":null}},"38":{"start":{"line":133,"column":2},"end":{"line":140,"column":null}}},"fnMap":{"0":{"name":"useFormValidation","decl":{"start":{"line":26,"column":16},"end":{"line":26,"column":null}},"loc":{"start":{"line":29,"column":2},"end":{"line":141,"column":null}},"line":29},"1":{"name":"(anonymous_1)","decl":{"start":{"line":31,"column":32},"end":{"line":31,"column":null}},"loc":{"start":{"line":32,"column":10},"end":{"line":39,"column":null}},"line":32},"2":{"name":"(anonymous_2)","decl":{"start":{"line":44,"column":44},"end":{"line":44,"column":null}},"loc":{"start":{"line":46,"column":10},"end":{"line":52,"column":3}},"line":46},"3":{"name":"(anonymous_3)","decl":{"start":{"line":60,"column":23},"end":{"line":60,"column":null}},"loc":{"start":{"line":61,"column":61},"end":{"line":71,"column":null}},"line":61},"4":{"name":"(anonymous_4)","decl":{"start":{"line":65,"column":6},"end":{"line":65,"column":18}},"loc":{"start":{"line":65,"column":32},"end":{"line":68,"column":8}},"line":65},"5":{"name":"(anonymous_5)","decl":{"start":{"line":80,"column":23},"end":{"line":80,"column":null}},"loc":{"start":{"line":81,"column":44},"end":{"line":89,"column":null}},"line":81},"6":{"name":"(anonymous_6)","decl":{"start":{"line":82,"column":6},"end":{"line":82,"column":24}},"loc":{"start":{"line":82,"column":38},"end":{"line":85,"column":8}},"line":82},"7":{"name":"(anonymous_7)","decl":{"start":{"line":99,"column":22},"end":{"line":99,"column":49}},"loc":{"start":{"line":99,"column":49},"end":{"line":113,"column":5}},"line":99},"8":{"name":"(anonymous_8)","decl":{"start":{"line":120,"column":28},"end":{"line":120,"column":52}},"loc":{"start":{"line":120,"column":52},"end":{"line":131,"column":5}},"line":120}},"branchMap":{},"s":{"0":98,"1":15,"2":15,"3":52,"4":15,"5":98,"6":15,"7":15,"8":52,"9":15,"10":98,"11":8,"12":8,"13":8,"14":8,"15":8,"16":98,"17":8,"18":8,"19":8,"20":98,"21":4,"22":4,"23":4,"24":12,"25":12,"26":12,"27":4,"28":4,"29":4,"30":98,"31":5,"32":5,"33":5,"34":18,"35":18,"36":5,"37":5,"38":98},"f":{"0":98,"1":15,"2":15,"3":8,"4":8,"5":8,"6":8,"7":4,"8":5},"b":{},"meta":{"lastBranch":0,"lastFunction":9,"lastStatement":39,"seen":{"f:26:16:26:Infinity":0,"s:31:18:40:Infinity":0,"f:31:32:31:Infinity":1,"s:34:31:34:Infinity":1,"s:35:6:37:Infinity":2,"s:36:8:36:Infinity":3,"s:38:6:38:Infinity":4,"s:44:24:52:Infinity":5,"f:44:44:44:Infinity":2,"s:47:29:47:Infinity":6,"s:48:4:50:Infinity":7,"s:49:6:49:Infinity":8,"s:51:4:51:Infinity":9,"s:60:8:73:Infinity":10,"f:60:23:60:Infinity":3,"s:62:32:62:Infinity":11,"s:63:29:63:Infinity":12,"s:65:6:68:Infinity":13,"f:65:6:65:18":4,"s:65:32:68:8":14,"s:70:6:70:Infinity":15,"s:80:8:91:Infinity":16,"f:80:23:80:Infinity":5,"s:82:6:85:Infinity":17,"f:82:6:82:24":6,"s:82:38:85:8":18,"s:88:6:88:Infinity":19,"s:99:8:113:Infinity":20,"f:99:22:99:49":7,"s:100:26:100:Infinity":21,"s:101:27:101:Infinity":22,"s:103:4:107:Infinity":23,"s:104:32:104:Infinity":24,"s:105:6:105:Infinity":25,"s:106:6:106:Infinity":26,"s:109:4:109:Infinity":27,"s:110:4:110:Infinity":28,"s:112:4:112:Infinity":29,"s:120:8:131:Infinity":30,"f:120:28:120:52":8,"s:121:27:121:Infinity":31,"s:122:27:122:Infinity":32,"s:124:4:127:Infinity":33,"s:125:6:125:Infinity":34,"s:126:6:126:Infinity":35,"s:129:4:129:Infinity":36,"s:130:4:130:Infinity":37,"s:133:2:140:Infinity":38}}}
,"C:\\Users\\joama\\OneDrive\\Desktop\\ProyectoM4-JoaquinGonzalezFT73\\Taskify-app\\src\\pages\\login and register\\AuthPage.css": {"path":"C:\\Users\\joama\\OneDrive\\Desktop\\ProyectoM4-JoaquinGonzalezFT73\\Taskify-app\\src\\pages\\login and register\\AuthPage.css","statementMap":{},"fnMap":{},"branchMap":{},"s":{},"f":{},"b":{},"meta":{"lastBranch":0,"lastFunction":0,"lastStatement":0,"seen":{}}}
,"C:\\Users\\joama\\OneDrive\\Desktop\\ProyectoM4-JoaquinGonzalezFT73\\Taskify-app\\src\\pages\\login and register\\LoginPage.tsx": {"path":"C:\\Users\\joama\\OneDrive\\Desktop\\ProyectoM4-JoaquinGonzalezFT73\\Taskify-app\\src\\pages\\login and register\\LoginPage.tsx","statementMap":{"0":{"start":{"line":25,"column":22},"end":{"line":25,"column":null}},"1":{"start":{"line":26,"column":22},"end":{"line":26,"column":null}},"2":{"start":{"line":27,"column":22},"end":{"line":27,"column":null}},"3":{"start":{"line":28,"column":22},"end":{"line":28,"column":null}},"4":{"start":{"line":29,"column":25},"end":{"line":29,"column":null}},"5":{"start":{"line":32,"column":4},"end":{"line":32,"column":null}},"6":{"start":{"line":34,"column":4},"end":{"line":37,"column":null}},"7":{"start":{"line":35,"column":6},"end":{"line":35,"column":null}},"8":{"start":{"line":36,"column":6},"end":{"line":36,"column":null}},"9":{"start":{"line":38,"column":4},"end":{"line":41,"column":null}},"10":{"start":{"line":39,"column":6},"end":{"line":39,"column":null}},"11":{"start":{"line":40,"column":6},"end":{"line":40,"column":null}},"12":{"start":{"line":42,"column":4},"end":{"line":45,"column":null}},"13":{"start":{"line":43,"column":6},"end":{"line":43,"column":null}},"14":{"start":{"line":44,"column":6},"end":{"line":44,"column":null}},"15":{"start":{"line":47,"column":4},"end":{"line":47,"column":null}},"16":{"start":{"line":48,"column":4},"end":{"line":57,"column":null}},"17":{"start":{"line":49,"column":6},"end":{"line":49,"column":null}},"18":{"start":{"line":50,"column":6},"end":{"line":50,"column":null}},"19":{"start":{"line":51,"column":6},"end":{"line":51,"column":null}},"20":{"start":{"line":53,"column":22},"end":{"line":53,"column":null}},"21":{"start":{"line":54,"column":6},"end":{"line":54,"column":null}},"22":{"start":{"line":56,"column":6},"end":{"line":56,"column":null}},"23":{"start":{"line":61,"column":4},"end":{"line":61,"column":null}},"24":{"start":{"line":62,"column":4},"end":{"line":71,"column":null}},"25":{"start":{"line":63,"column":6},"end":{"line":63,"column":null}},"26":{"start":{"line":64,"column":6},"end":{"line":64,"column":null}},"27":{"start":{"line":65,"column":6},"end":{"line":65,"column":null}},"28":{"start":{"line":67,"column":22},"end":{"line":67,"column":null}},"29":{"start":{"line":68,"column":6},"end":{"line":68,"column":null}},"30":{"start":{"line":70,"column":6},"end":{"line":70,"column":null}},"31":{"start":{"line":79,"column":39},"end":{"line":101,"column":null}},"32":{"start":{"line":96,"column":8},"end":{"line":98,"column":null}},"33":{"start":{"line":97,"column":10},"end":{"line":97,"column":null}},"34":{"start":{"line":99,"column":8},"end":{"line":99,"column":null}},"35":{"start":{"line":103,"column":4},"end":{"line":115,"column":null}},"36":{"start":{"line":104,"column":6},"end":{"line":114,"column":null}},"37":{"start":{"line":106,"column":8},"end":{"line":106,"column":null}},"38":{"start":{"line":107,"column":8},"end":{"line":110,"column":null}},"39":{"start":{"line":112,"column":24},"end":{"line":112,"column":null}},"40":{"start":{"line":113,"column":8},"end":{"line":113,"column":null}},"41":{"start":{"line":118,"column":2},"end":{"line":239,"column":null}},"42":{"start":{"line":161,"column":33},"end":{"line":161,"column":null}},"43":{"start":{"line":188,"column":33},"end":{"line":188,"column":null}},"44":{"start":{"line":193,"column":31},"end":{"line":193,"column":null}},"45":{"start":{"line":193,"column":53},"end":{"line":193,"column":55}}},"fnMap":{"0":{"name":"LoginPage","decl":{"start":{"line":24,"column":9},"end":{"line":24,"column":19}},"loc":{"start":{"line":24,"column":79},"end":{"line":241,"column":null}},"line":24},"1":{"name":"manejarEnvio","decl":{"start":{"line":31,"column":18},"end":{"line":31,"column":31}},"loc":{"start":{"line":31,"column":51},"end":{"line":58,"column":null}},"line":31},"2":{"name":"manejarGoogle","decl":{"start":{"line":60,"column":17},"end":{"line":60,"column":33}},"loc":{"start":{"line":60,"column":33},"end":{"line":72,"column":null}},"line":60},"3":{"name":"manejarRecuperacionContrasena","decl":{"start":{"line":77,"column":17},"end":{"line":77,"column":49}},"loc":{"start":{"line":77,"column":49},"end":{"line":116,"column":null}},"line":77},"4":{"name":"(anonymous_4)","decl":{"start":{"line":95,"column":6},"end":{"line":95,"column":19}},"loc":{"start":{"line":95,"column":29},"end":{"line":100,"column":null}},"line":95},"5":{"name":"(anonymous_5)","decl":{"start":{"line":161,"column":16},"end":{"line":161,"column":27}},"loc":{"start":{"line":161,"column":33},"end":{"line":161,"column":null}},"line":161},"6":{"name":"(anonymous_6)","decl":{"start":{"line":188,"column":16},"end":{"line":188,"column":27}},"loc":{"start":{"line":188,"column":33},"end":{"line":188,"column":null}},"line":188},"7":{"name":"(anonymous_7)","decl":{"start":{"line":193,"column":16},"end":{"line":193,"column":31}},"loc":{"start":{"line":193,"column":31},"end":{"line":193,"column":null}},"line":193},"8":{"name":"(anonymous_8)","decl":{"start":{"line":193,"column":31},"end":{"line":193,"column":47}},"loc":{"start":{"line":193,"column":53},"end":{"line":193,"column":55}},"line":193}},"branchMap":{"0":{"loc":{"start":{"line":34,"column":4},"end":{"line":37,"column":null}},"type":"if","locations":[{"start":{"line":34,"column":4},"end":{"line":37,"column":null}},{"start":{},"end":{}}],"line":34},"1":{"loc":{"start":{"line":38,"column":4},"end":{"line":41,"column":null}},"type":"if","locations":[{"start":{"line":38,"column":4},"end":{"line":41,"column":null}},{"start":{},"end":{}}],"line":38},"2":{"loc":{"start":{"line":42,"column":4},"end":{"line":45,"column":null}},"type":"if","locations":[{"start":{"line":42,"column":4},"end":{"line":45,"column":null}},{"start":{},"end":{}}],"line":42},"3":{"loc":{"start":{"line":53,"column":22},"end":{"line":53,"column":null}},"type":"binary-expr","locations":[{"start":{"line":53,"column":22},"end":{"line":53,"column":58}},{"start":{"line":53,"column":58},"end":{"line":53,"column":null}}],"line":53},"4":{"loc":{"start":{"line":67,"column":22},"end":{"line":67,"column":null}},"type":"binary-expr","locations":[{"start":{"line":67,"column":22},"end":{"line":67,"column":58}},{"start":{"line":67,"column":58},"end":{"line":67,"column":null}}],"line":67},"5":{"loc":{"start":{"line":96,"column":8},"end":{"line":98,"column":null}},"type":"if","locations":[{"start":{"line":96,"column":8},"end":{"line":98,"column":null}},{"start":{},"end":{}}],"line":96},"6":{"loc":{"start":{"line":103,"column":4},"end":{"line":115,"column":null}},"type":"if","locations":[{"start":{"line":103,"column":4},"end":{"line":115,"column":null}},{"start":{},"end":{}}],"line":103},"7":{"loc":{"start":{"line":112,"column":24},"end":{"line":112,"column":null}},"type":"binary-expr","locations":[{"start":{"line":112,"column":24},"end":{"line":112,"column":60}},{"start":{"line":112,"column":60},"end":{"line":112,"column":null}}],"line":112},"8":{"loc":{"start":{"line":185,"column":22},"end":{"line":185,"column":null}},"type":"cond-expr","locations":[{"start":{"line":185,"column":36},"end":{"line":185,"column":45}},{"start":{"line":185,"column":45},"end":{"line":185,"column":null}}],"line":185},"9":{"loc":{"start":{"line":196,"column":17},"end":{"line":196,"column":null}},"type":"cond-expr","locations":[{"start":{"line":196,"column":31},"end":{"line":196,"column":38}},{"start":{"line":196,"column":38},"end":{"line":196,"column":null}}],"line":196},"10":{"loc":{"start":{"line":203,"column":50},"end":{"line":203,"column":null}},"type":"cond-expr","locations":[{"start":{"line":203,"column":61},"end":{"line":203,"column":99}},{"start":{"line":203,"column":99},"end":{"line":203,"column":null}}],"line":203},"11":{"loc":{"start":{"line":204,"column":22},"end":{"line":204,"column":null}},"type":"binary-expr","locations":[{"start":{"line":204,"column":22},"end":{"line":204,"column":34}},{"start":{"line":204,"column":34},"end":{"line":204,"column":null}}],"line":204},"12":{"loc":{"start":{"line":206,"column":13},"end":{"line":206,"column":null}},"type":"cond-expr","locations":[{"start":{"line":206,"column":24},"end":{"line":206,"column":null}},{"start":{"line":206,"column":66},"end":{"line":206,"column":null}}],"line":206},"13":{"loc":{"start":{"line":215,"column":22},"end":{"line":215,"column":null}},"type":"binary-expr","locations":[{"start":{"line":215,"column":22},"end":{"line":215,"column":34}},{"start":{"line":215,"column":34},"end":{"line":215,"column":null}}],"line":215},"14":{"loc":{"start":{"line":217,"column":13},"end":{"line":226,"column":null}},"type":"cond-expr","locations":[{"start":{"line":218,"column":14},"end":{"line":220,"column":15}},{"start":{"line":220,"column":14},"end":{"line":226,"column":null}}],"line":217}},"s":{"0":65,"1":65,"2":65,"3":65,"4":65,"5":3,"6":3,"7":1,"8":1,"9":2,"10":0,"11":0,"12":2,"13":0,"14":0,"15":2,"16":2,"17":2,"18":1,"19":1,"20":1,"21":1,"22":2,"23":1,"24":1,"25":1,"26":0,"27":0,"28":1,"29":1,"30":1,"31":2,"32":0,"33":0,"34":0,"35":2,"36":2,"37":2,"38":1,"39":1,"40":1,"41":65,"42":33,"43":20,"44":1,"45":1},"f":{"0":65,"1":3,"2":1,"3":2,"4":0,"5":33,"6":20,"7":1,"8":1},"b":{"0":[1,2],"1":[0,2],"2":[0,2],"3":[1,0],"4":[1,0],"5":[0,0],"6":[2,0],"7":[1,0],"8":[1,64],"9":[1,64],"10":[2,63],"11":[65,63],"12":[2,63],"13":[65,63],"14":[1,64]},"meta":{"lastBranch":15,"lastFunction":9,"lastStatement":46,"seen":{"f:24:9:24:19":0,"s:25:22:25:Infinity":0,"s:26:22:26:Infinity":1,"s:27:22:27:Infinity":2,"s:28:22:28:Infinity":3,"s:29:25:29:Infinity":4,"f:31:18:31:31":1,"s:32:4:32:Infinity":5,"b:34:4:37:Infinity:undefined:undefined:undefined:undefined":0,"s:34:4:37:Infinity":6,"s:35:6:35:Infinity":7,"s:36:6:36:Infinity":8,"b:38:4:41:Infinity:undefined:undefined:undefined:undefined":1,"s:38:4:41:Infinity":9,"s:39:6:39:Infinity":10,"s:40:6:40:Infinity":11,"b:42:4:45:Infinity:undefined:undefined:undefined:undefined":2,"s:42:4:45:Infinity":12,"s:43:6:43:Infinity":13,"s:44:6:44:Infinity":14,"s:47:4:47:Infinity":15,"s:48:4:57:Infinity":16,"s:49:6:49:Infinity":17,"s:50:6:50:Infinity":18,"s:51:6:51:Infinity":19,"s:53:22:53:Infinity":20,"b:53:22:53:58:53:58:53:Infinity":3,"s:54:6:54:Infinity":21,"s:56:6:56:Infinity":22,"f:60:17:60:33":2,"s:61:4:61:Infinity":23,"s:62:4:71:Infinity":24,"s:63:6:63:Infinity":25,"s:64:6:64:Infinity":26,"s:65:6:65:Infinity":27,"s:67:22:67:Infinity":28,"b:67:22:67:58:67:58:67:Infinity":4,"s:68:6:68:Infinity":29,"s:70:6:70:Infinity":30,"f:77:17:77:49":3,"s:79:39:101:Infinity":31,"f:95:6:95:19":4,"b:96:8:98:Infinity:undefined:undefined:undefined:undefined":5,"s:96:8:98:Infinity":32,"s:97:10:97:Infinity":33,"s:99:8:99:Infinity":34,"b:103:4:115:Infinity:undefined:undefined:undefined:undefined":6,"s:103:4:115:Infinity":35,"s:104:6:114:Infinity":36,"s:106:8:106:Infinity":37,"s:107:8:110:Infinity":38,"s:112:24:112:Infinity":39,"b:112:24:112:60:112:60:112:Infinity":7,"s:113:8:113:Infinity":40,"s:118:2:239:Infinity":41,"f:161:16:161:27":5,"s:161:33:161:Infinity":42,"b:185:36:185:45:185:45:185:Infinity":8,"f:188:16:188:27":6,"s:188:33:188:Infinity":43,"f:193:16:193:31":7,"s:193:31:193:Infinity":44,"f:193:31:193:47":8,"s:193:53:193:55":45,"b:196:31:196:38:196:38:196:Infinity":9,"b:203:61:203:99:203:99:203:Infinity":10,"b:204:22:204:34:204:34:204:Infinity":11,"b:206:24:206:Infinity:206:66:206:Infinity":12,"b:215:22:215:34:215:34:215:Infinity":13,"b:218:14:220:15:220:14:226:Infinity":14}}}
,"C:\\Users\\joama\\OneDrive\\Desktop\\ProyectoM4-JoaquinGonzalezFT73\\Taskify-app\\src\\services\\authService.ts": {"path":"C:\\Users\\joama\\OneDrive\\Desktop\\ProyectoM4-JoaquinGonzalezFT73\\Taskify-app\\src\\services\\authService.ts","statementMap":{"0":{"start":{"line":21,"column":42},"end":{"line":32,"column":null}},"1":{"start":{"line":33,"column":2},"end":{"line":33,"column":null}},"2":{"start":{"line":44,"column":21},"end":{"line":44,"column":null}},"3":{"start":{"line":45,"column":2},"end":{"line":45,"column":null}},"4":{"start":{"line":46,"column":2},"end":{"line":46,"column":null}},"5":{"start":{"line":56,"column":21},"end":{"line":56,"column":null}},"6":{"start":{"line":57,"column":2},"end":{"line":57,"column":null}},"7":{"start":{"line":60,"column":29},"end":{"line":60,"column":null}},"8":{"start":{"line":69,"column":20},"end":{"line":69,"column":null}},"9":{"start":{"line":72,"column":2},"end":{"line":74,"column":null}},"10":{"start":{"line":76,"column":21},"end":{"line":76,"column":null}},"11":{"start":{"line":77,"column":2},"end":{"line":77,"column":null}},"12":{"start":{"line":84,"column":2},"end":{"line":84,"column":null}},"13":{"start":{"line":91,"column":2},"end":{"line":91,"column":null}}},"fnMap":{"0":{"name":"obtenerMensajeDeError","decl":{"start":{"line":20,"column":16},"end":{"line":20,"column":38}},"loc":{"start":{"line":20,"column":60},"end":{"line":34,"column":null}},"line":20},"1":{"name":"registrarUsuario","decl":{"start":{"line":39,"column":22},"end":{"line":39,"column":null}},"loc":{"start":{"line":43,"column":17},"end":{"line":47,"column":null}},"line":43},"2":{"name":"iniciarSesionConEmail","decl":{"start":{"line":52,"column":22},"end":{"line":52,"column":null}},"loc":{"start":{"line":55,"column":17},"end":{"line":58,"column":null}},"line":55},"3":{"name":"iniciarSesionConGoogle","decl":{"start":{"line":68,"column":22},"end":{"line":68,"column":62}},"loc":{"start":{"line":68,"column":62},"end":{"line":78,"column":null}},"line":68},"4":{"name":"enviarEmailDeRecuperacion","decl":{"start":{"line":83,"column":22},"end":{"line":83,"column":48}},"loc":{"start":{"line":83,"column":78},"end":{"line":85,"column":null}},"line":83},"5":{"name":"cerrarSesion","decl":{"start":{"line":90,"column":22},"end":{"line":90,"column":52}},"loc":{"start":{"line":90,"column":52},"end":{"line":92,"column":null}},"line":90}},"branchMap":{"0":{"loc":{"start":{"line":33,"column":9},"end":{"line":33,"column":null}},"type":"binary-expr","locations":[{"start":{"line":33,"column":9},"end":{"line":33,"column":26}},{"start":{"line":33,"column":26},"end":{"line":33,"column":null}}],"line":33}},"s":{"0":2,"1":2,"2":1,"3":1,"4":1,"5":1,"6":1,"7":1,"8":1,"9":1,"10":1,"11":1,"12":1,"13":1},"f":{"0":2,"1":1,"2":1,"3":1,"4":1,"5":1},"b":{"0":[2,0]},"meta":{"lastBranch":1,"lastFunction":6,"lastStatement":14,"seen":{"f:20:16:20:38":0,"s:21:42:32:Infinity":0,"s:33:2:33:Infinity":1,"b:33:9:33:26:33:26:33:Infinity":0,"f:39:22:39:Infinity":1,"s:44:21:44:Infinity":2,"s:45:2:45:Infinity":3,"s:46:2:46:Infinity":4,"f:52:22:52:Infinity":2,"s:56:21:56:Infinity":5,"s:57:2:57:Infinity":6,"s:60:29:60:Infinity":7,"f:68:22:68:62":3,"s:69:20:69:Infinity":8,"s:72:2:74:Infinity":9,"s:76:21:76:Infinity":10,"s:77:2:77:Infinity":11,"f:83:22:83:48":4,"s:84:2:84:Infinity":12,"f:90:22:90:52":5,"s:91:2:91:Infinity":13}}}
,"C:\\Users\\joama\\OneDrive\\Desktop\\ProyectoM4-JoaquinGonzalezFT73\\Taskify-app\\src\\types\\actividad.ts": {"path":"C:\\Users\\joama\\OneDrive\\Desktop\\ProyectoM4-JoaquinGonzalezFT73\\Taskify-app\\src\\types\\actividad.ts","statementMap":{"0":{"start":{"line":22,"column":4},"end":{"line":32,"column":null}}},"fnMap":{},"branchMap":{},"s":{"0":1},"f":{},"b":{},"meta":{"lastBranch":0,"lastFunction":0,"lastStatement":1,"seen":{"s:22:4:32:Infinity":0}}}
,"C:\\Users\\joama\\OneDrive\\Desktop\\ProyectoM4-JoaquinGonzalezFT73\\Taskify-app\\src\\utils\\validaciones.ts": {"path":"C:\\Users\\joama\\OneDrive\\Desktop\\ProyectoM4-JoaquinGonzalezFT73\\Taskify-app\\src\\utils\\validaciones.ts","statementMap":{"0":{"start":{"line":12,"column":24},"end":{"line":12,"column":null}},"1":{"start":{"line":14,"column":4},"end":{"line":16,"column":null}},"2":{"start":{"line":15,"column":6},"end":{"line":15,"column":null}},"3":{"start":{"line":18,"column":4},"end":{"line":20,"column":null}},"4":{"start":{"line":19,"column":6},"end":{"line":19,"column":null}},"5":{"start":{"line":22,"column":4},"end":{"line":24,"column":null}},"6":{"start":{"line":23,"column":6},"end":{"line":23,"column":null}},"7":{"start":{"line":26,"column":4},"end":{"line":26,"column":null}},"8":{"start":{"line":34,"column":22},"end":{"line":34,"column":null}},"9":{"start":{"line":36,"column":2},"end":{"line":38,"column":null}},"10":{"start":{"line":37,"column":4},"end":{"line":37,"column":null}},"11":{"start":{"line":40,"column":2},"end":{"line":42,"column":null}},"12":{"start":{"line":41,"column":4},"end":{"line":41,"column":null}},"13":{"start":{"line":44,"column":2},"end":{"line":46,"column":null}},"14":{"start":{"line":45,"column":4},"end":{"line":45,"column":null}},"15":{"start":{"line":48,"column":2},"end":{"line":48,"column":null}},"16":{"start":{"line":55,"column":4},"end":{"line":55,"column":null}},"17":{"start":{"line":55,"column":16},"end":{"line":55,"column":null}},"18":{"start":{"line":57,"column":27},"end":{"line":57,"column":null}},"19":{"start":{"line":58,"column":27},"end":{"line":58,"column":null}},"20":{"start":{"line":61,"column":4},"end":{"line":61,"column":null}},"21":{"start":{"line":63,"column":4},"end":{"line":65,"column":null}},"22":{"start":{"line":64,"column":6},"end":{"line":64,"column":null}},"23":{"start":{"line":67,"column":4},"end":{"line":69,"column":null}},"24":{"start":{"line":68,"column":6},"end":{"line":68,"column":null}},"25":{"start":{"line":71,"column":4},"end":{"line":71,"column":null}},"26":{"start":{"line":83,"column":4},"end":{"line":85,"column":null}},"27":{"start":{"line":84,"column":6},"end":{"line":84,"column":null}},"28":{"start":{"line":87,"column":4},"end":{"line":87,"column":null}},"29":{"start":{"line":98,"column":4},"end":{"line":100,"column":null}},"30":{"start":{"line":99,"column":26},"end":{"line":99,"column":null}}},"fnMap":{"0":{"name":"validarTitulo","decl":{"start":{"line":11,"column":18},"end":{"line":11,"column":32}},"loc":{"start":{"line":11,"column":55},"end":{"line":27,"column":null}},"line":11},"1":{"name":"validarDescripcion","decl":{"start":{"line":33,"column":18},"end":{"line":33,"column":37}},"loc":{"start":{"line":33,"column":60},"end":{"line":49,"column":null}},"line":33},"2":{"name":"validarFechaLimite","decl":{"start":{"line":54,"column":18},"end":{"line":54,"column":37}},"loc":{"start":{"line":54,"column":60},"end":{"line":72,"column":null}},"line":54},"3":{"name":"validarSeleccion","decl":{"start":{"line":79,"column":18},"end":{"line":79,"column":null}},"loc":{"start":{"line":82,"column":12},"end":{"line":88,"column":null}},"line":82},"4":{"name":"hayErroresEnElFormulario","decl":{"start":{"line":95,"column":18},"end":{"line":95,"column":null}},"loc":{"start":{"line":97,"column":13},"end":{"line":101,"column":null}},"line":97},"5":{"name":"(anonymous_5)","decl":{"start":{"line":98,"column":34},"end":{"line":98,"column":null}},"loc":{"start":{"line":99,"column":26},"end":{"line":99,"column":null}},"line":99}},"branchMap":{"0":{"loc":{"start":{"line":14,"column":4},"end":{"line":16,"column":null}},"type":"if","locations":[{"start":{"line":14,"column":4},"end":{"line":16,"column":null}},{"start":{},"end":{}}],"line":14},"1":{"loc":{"start":{"line":18,"column":4},"end":{"line":20,"column":null}},"type":"if","locations":[{"start":{"line":18,"column":4},"end":{"line":20,"column":null}},{"start":{},"end":{}}],"line":18},"2":{"loc":{"start":{"line":22,"column":4},"end":{"line":24,"column":null}},"type":"if","locations":[{"start":{"line":22,"column":4},"end":{"line":24,"column":null}},{"start":{},"end":{}}],"line":22},"3":{"loc":{"start":{"line":36,"column":2},"end":{"line":38,"column":null}},"type":"if","locations":[{"start":{"line":36,"column":2},"end":{"line":38,"column":null}},{"start":{},"end":{}}],"line":36},"4":{"loc":{"start":{"line":40,"column":2},"end":{"line":42,"column":null}},"type":"if","locations":[{"start":{"line":40,"column":2},"end":{"line":42,"column":null}},{"start":{},"end":{}}],"line":40},"5":{"loc":{"start":{"line":44,"column":2},"end":{"line":46,"column":null}},"type":"if","locations":[{"start":{"line":44,"column":2},"end":{"line":46,"column":null}},{"start":{},"end":{}}],"line":44},"6":{"loc":{"start":{"line":55,"column":4},"end":{"line":55,"column":null}},"type":"if","locations":[{"start":{"line":55,"column":4},"end":{"line":55,"column":null}},{"start":{},"end":{}}],"line":55},"7":{"loc":{"start":{"line":63,"column":4},"end":{"line":65,"column":null}},"type":"if","locations":[{"start":{"line":63,"column":4},"end":{"line":65,"column":null}},{"start":{},"end":{}}],"line":63},"8":{"loc":{"start":{"line":67,"column":4},"end":{"line":69,"column":null}},"type":"if","locations":[{"start":{"line":67,"column":4},"end":{"line":69,"column":null}},{"start":{},"end":{}}],"line":67},"9":{"loc":{"start":{"line":83,"column":4},"end":{"line":85,"column":null}},"type":"if","locations":[{"start":{"line":83,"column":4},"end":{"line":85,"column":null}},{"start":{},"end":{}}],"line":83}},"s":{"0":12,"1":12,"2":7,"3":5,"4":1,"5":4,"6":1,"7":3,"8":6,"9":6,"10":1,"11":5,"12":1,"13":4,"14":1,"15":3,"16":6,"17":3,"18":3,"19":3,"20":3,"21":3,"22":1,"23":2,"24":1,"25":1,"26":2,"27":1,"28":1,"29":6,"30":9},"f":{"0":12,"1":6,"2":6,"3":2,"4":6,"5":9},"b":{"0":[7,5],"1":[1,4],"2":[1,3],"3":[1,5],"4":[1,4],"5":[1,3],"6":[3,3],"7":[1,2],"8":[1,1],"9":[1,1]},"meta":{"lastBranch":10,"lastFunction":6,"lastStatement":31,"seen":{"f:11:18:11:32":0,"s:12:24:12:Infinity":0,"b:14:4:16:Infinity:undefined:undefined:undefined:undefined":0,"s:14:4:16:Infinity":1,"s:15:6:15:Infinity":2,"b:18:4:20:Infinity:undefined:undefined:undefined:undefined":1,"s:18:4:20:Infinity":3,"s:19:6:19:Infinity":4,"b:22:4:24:Infinity:undefined:undefined:undefined:undefined":2,"s:22:4:24:Infinity":5,"s:23:6:23:Infinity":6,"s:26:4:26:Infinity":7,"f:33:18:33:37":1,"s:34:22:34:Infinity":8,"b:36:2:38:Infinity:undefined:undefined:undefined:undefined":3,"s:36:2:38:Infinity":9,"s:37:4:37:Infinity":10,"b:40:2:42:Infinity:undefined:undefined:undefined:undefined":4,"s:40:2:42:Infinity":11,"s:41:4:41:Infinity":12,"b:44:2:46:Infinity:undefined:undefined:undefined:undefined":5,"s:44:2:46:Infinity":13,"s:45:4:45:Infinity":14,"s:48:2:48:Infinity":15,"f:54:18:54:37":2,"b:55:4:55:Infinity:undefined:undefined:undefined:undefined":6,"s:55:4:55:Infinity":16,"s:55:16:55:Infinity":17,"s:57:27:57:Infinity":18,"s:58:27:58:Infinity":19,"s:61:4:61:Infinity":20,"b:63:4:65:Infinity:undefined:undefined:undefined:undefined":7,"s:63:4:65:Infinity":21,"s:64:6:64:Infinity":22,"b:67:4:69:Infinity:undefined:undefined:undefined:undefined":8,"s:67:4:69:Infinity":23,"s:68:6:68:Infinity":24,"s:71:4:71:Infinity":25,"f:79:18:79:Infinity":3,"b:83:4:85:Infinity:undefined:undefined:undefined:undefined":9,"s:83:4:85:Infinity":26,"s:84:6:84:Infinity":27,"s:87:4:87:Infinity":28,"f:95:18:95:Infinity":4,"s:98:4:100:Infinity":29,"f:98:34:98:Infinity":5,"s:99:26:99:Infinity":30}}}
}
